{"logTime": "1127/221021", "correlationVector":"9+wml3O6XSYEqwVr9aKJ7f.1","action":"SyncServerConnectionManagerRequest", "result":"SYNC_SERVER_OK", "context":{"environment":"Prod_germanywestcentral_prod-s01-010-eur-germanywestcentral", "migrationStage":"NotStarted", "server":"akswtt10700000r"}}
{"logTime": "1127/221021", "correlationVector":"9+wml3O6XSYEqwVr9aKJ7f.2","action":"ProcessGetUpdates", "result":"Done", "context":{"dataType":"Encryption Keys", "deleted":"0", "process_failed_to_decrypt":"0", "process_pending_decryption":"0", "process_success":"1", "total":"1"}}
{"logTime": "1127/221022", "correlationVector":"gVJ/vAc0BI0i+xuPrt9zeE","action":"SyncServerConnectionManagerRequest", "result":"SYNC_SERVER_OK", "context":{"environment":"", "migrationStage":"", "server":""}}
{"logTime": "1127/221022", "correlationVector":"gVJ/vAc0BI0i+xuPrt9zeE.0","action":"EncryptionKeysFetcher.DownloadKeys:", "result":"Success", "context":Key count: 7, Last key timestamp: 2025-09-11T09:42:01Z}
{"logTime": "1127/221022", "correlationVector":"gVJ/vAc0BI0i+xuPrt9zeE.1","action":"EncryptionKeysManager::SetEncryptionKeys:", "result":"Success", "context":Key names[7]:[rJNfZul6SMn2wq7xcsKNBje2vrlkp7ZuuaLDZyLBk2Z5xdeyCvLDv6IecRUL8K/5gdvAXjx2HlOb/Dh5z8/OaQ==][pSK7KRlfWRNyfIFyWf/2pgpLA9Gl7KU6aKaI2lv1Gy+rYnSSrqmXnw70/wbZ1be6Zbgyl5HSFDhZzICpUdo6cQ==][LU0CmXA4AX8h2JWRLQZ7P1nKh+grPydfMFCv+MFabs5oCAFssLX31HXUHO0gTsEEyHK+kEGNNnGyU4U+N6xWwQ==][5msjY+4LArw9KJ3hqxw9+wxHAwBH7UcggEQLYxkGQqe4be9vJ/yk42kwHm5hI5GjKJ1/gp/E7Aus31JPVZnM3A==][OYjQtMJFagFOhDRljSr9THgpqqDG6F4eZ5bWqEL1Xk5i/b4OPnTUSBPDvRwghc0AT/JFgxut5+izpqS3hRhvxQ==][qtPu9aiWQk49obQIa/pWC/8xLX7Mj0UAKb0YxJPQq7uOVtK7sKgoiwijGl08Sn0TmKQdtG0IQVEdLI651GEZqQ==][TD1EfSFAC7HWxssdly4mwpNw7KgK/XCtysaqd6Chm6P/klZQxyeeE70+lZIduQLCmr6XiROLT6i4dfpVO4ncNg==]}
{"logTime": "1127/221022", "correlationVector":"gVJ/vAc0BI0i+xuPrt9zeE.2","action":"EncryptionKeysManager::SetEncryptionKeysWithTimestamps:", "result":"Success", "context":Key timestamps[7]:[2023-03-08T17:56:42Z][2023-09-15T14:38:04Z][2023-09-16T23:36:30Z][2024-03-15T08:58:31Z][2024-09-11T15:05:48Z][2025-03-11T09:48:54Z][2025-09-11T09:42:01Z]}
{"logTime": "1127/221022", "correlationVector":"9+wml3O6XSYEqwVr9aKJ7f","action":"Initial GetUpdates", "result":"", "context":Reason: NEW_CLIENT. cV=9+wml3O6XSYEqwVr9aKJ7f}
{"logTime": "1127/221022", "correlationVector":"9+wml3O6XSYEqwVr9aKJ7f.3","action":"GetUpdates Response", "result":"Success", "context":Received 1 update(s). cV=9+wml3O6XSYEqwVr9aKJ7f.0;server=akswtt10700000r;cloudType=Consumer;environment=Prod_germanywestcentral_prod-s01-010-eur-germanywestcentral;migrationStage=NotStarted}
{"logTime": "1127/221022", "correlationVector":"DqauICLpbWmYFnjgmRpK6W","action":"Initial GetUpdates", "result":"", "context":Reason: NEWLY_SUPPORTED_DATATYPE. cV=DqauICLpbWmYFnjgmRpK6W}
{"logTime": "1127/221022", "correlationVector":"DqauICLpbWmYFnjgmRpK6W.1","action":"SyncServerConnectionManagerRequest", "result":"SYNC_SERVER_OK", "context":{"environment":"Prod_germanywestcentral_prod-s01-011-eur-germanywestcentral", "migrationStage":"NotStarted", "server":"akswtt107000025"}}
{"logTime": "1127/221022", "correlationVector":"DqauICLpbWmYFnjgmRpK6W.2","action":"ProcessGetUpdates", "result":"Done", "context":{"dataType":"Preferences", "deleted":"1", "process_failed_to_decrypt":"0", "process_pending_decryption":"0", "process_success":"110", "total":"110"}}
{"logTime": "1127/221022", "correlationVector":"DqauICLpbWmYFnjgmRpK6W.3","action":"ProcessGetUpdates", "result":"Done", "context":{"dataType":"Passwords", "deleted":"0", "process_failed_to_decrypt":"0", "process_pending_decryption":"0", "process_success":"122", "total":"122"}}
{"logTime": "1127/221022", "correlationVector":"DqauICLpbWmYFnjgmRpK6W.4","action":"ProcessGetUpdates", "result":"Done", "context":{"dataType":"Device Info", "deleted":"0", "process_failed_to_decrypt":"0", "process_pending_decryption":"0", "process_success":"14", "total":"14"}}
{"logTime": "1127/221022", "correlationVector":"DqauICLpbWmYFnjgmRpK6W.5","action":"GetUpdates Response", "result":"Success", "context":Received 246 update(s). cV=DqauICLpbWmYFnjgmRpK6W.0;server=akswtt107000025;cloudType=Consumer;environment=Prod_germanywestcentral_prod-s01-011-eur-germanywestcentral;migrationStage=NotStarted}
{"logTime": "1127/221022", "correlationVector":"z2Gg2u6NUk44nHSUFP6tUF","action":"Initial GetUpdates", "result":"", "context":Reason: NEWLY_SUPPORTED_DATATYPE. cV=z2Gg2u6NUk44nHSUFP6tUF}
{"logTime": "1127/221022", "correlationVector":"z2Gg2u6NUk44nHSUFP6tUF.1","action":"SyncServerConnectionManagerRequest", "result":"SYNC_SERVER_OK", "context":{"environment":"Prod_germanywestcentral_prod-s01-011-eur-germanywestcentral", "migrationStage":"NotStarted", "server":"akswtt10700000a"}}
{"logTime": "1127/221022", "correlationVector":"z2Gg2u6NUk44nHSUFP6tUF.2","action":"ProcessGetUpdates", "result":"Done", "context":{"dataType":"Bookmarks", "deleted":"0", "process_failed_to_decrypt":"0", "process_pending_decryption":"0", "process_success":"20", "total":"20"}}
{"logTime": "1127/221022", "correlationVector":"z2Gg2u6NUk44nHSUFP6tUF.3","action":"GetUpdates Response", "result":"Success", "context":Received 20 update(s). cV=z2Gg2u6NUk44nHSUFP6tUF.0;server=akswtt10700000a;cloudType=Consumer;environment=Prod_germanywestcentral_prod-s01-011-eur-germanywestcentral;migrationStage=NotStarted}
{"logTime": "1127/221022", "correlationVector":"AmMgG931+NomK8em8R3SI0","action":"Initial GetUpdates", "result":"", "context":Reason: NEWLY_SUPPORTED_DATATYPE. cV=AmMgG931+NomK8em8R3SI0}
{"logTime": "1127/221023", "correlationVector":"AmMgG931+NomK8em8R3SI0.1","action":"SyncServerConnectionManagerRequest", "result":"SYNC_SERVER_OK", "context":{"environment":"Prod_germanywestcentral_prod-s01-011-eur-germanywestcentral", "migrationStage":"NotStarted", "server":"akswtt107000009"}}
{"logTime": "1127/221023", "correlationVector":"AmMgG931+NomK8em8R3SI0.2","action":"ProcessGetUpdates", "result":"Done", "context":{"dataType":"Autofill", "deleted":"0", "process_failed_to_decrypt":"0", "process_pending_decryption":"0", "process_success":"249", "total":"249"}}
{"logTime": "1127/221023", "correlationVector":"AmMgG931+NomK8em8R3SI0.3","action":"ProcessGetUpdates", "result":"Done", "context":{"dataType":"Web Apps", "deleted":"0", "process_failed_to_decrypt":"0", "process_pending_decryption":"0", "process_success":"1", "total":"1"}}
{"logTime": "1127/221023", "correlationVector":"AmMgG931+NomK8em8R3SI0.4","action":"GetUpdates Response", "result":"Success", "context":Received 250 update(s). cV=AmMgG931+NomK8em8R3SI0.0;server=akswtt107000009;cloudType=Consumer;environment=Prod_germanywestcentral_prod-s01-011-eur-germanywestcentral;migrationStage=NotStarted Some updates remain.}
{"logTime": "1127/221023", "correlationVector":"PSJJRaAQJkqfg4WHwIfESs","action":"Initial GetUpdates", "result":"", "context":Reason: NEWLY_SUPPORTED_DATATYPE. cV=PSJJRaAQJkqfg4WHwIfESs}
{"logTime": "1127/221023", "correlationVector":"PSJJRaAQJkqfg4WHwIfESs.1","action":"SyncServerConnectionManagerRequest", "result":"SYNC_SERVER_OK", "context":{"environment":"Prod_germanywestcentral_prod-s01-011-eur-germanywestcentral", "migrationStage":"NotStarted", "server":"akswtt10700000q"}}
{"logTime": "1127/221023", "correlationVector":"PSJJRaAQJkqfg4WHwIfESs.2","action":"ProcessGetUpdates", "result":"Done", "context":{"dataType":"Autofill Profiles", "deleted":"0", "process_failed_to_decrypt":"0", "process_pending_decryption":"0", "process_success":"4", "total":"4"}}
{"logTime": "1127/221023", "correlationVector":"PSJJRaAQJkqfg4WHwIfESs.3","action":"ProcessGetUpdates", "result":"Done", "context":{"dataType":"Autofill", "deleted":"0", "process_failed_to_decrypt":"0", "process_pending_decryption":"0", "process_success":"224", "total":"224"}}
{"logTime": "1127/221023", "correlationVector":"PSJJRaAQJkqfg4WHwIfESs.4","action":"ProcessGetUpdates", "result":"Done", "context":{"dataType":"Sessions", "deleted":"20", "process_failed_to_decrypt":"0", "process_pending_decryption":"0", "process_success":"20", "total":"20"}}
{"logTime": "1127/221023", "correlationVector":"PSJJRaAQJkqfg4WHwIfESs.5","action":"ProcessGetUpdates", "result":"Done", "context":{"dataType":"Edge Hub App Usage", "deleted":"1", "process_failed_to_decrypt":"0", "process_pending_decryption":"0", "process_success":"2", "total":"2"}}
{"logTime": "1127/221023", "correlationVector":"PSJJRaAQJkqfg4WHwIfESs.6","action":"GetUpdates Response", "result":"Success", "context":Received 250 update(s). cV=PSJJRaAQJkqfg4WHwIfESs.0;server=akswtt10700000q;cloudType=Consumer;environment=Prod_germanywestcentral_prod-s01-011-eur-germanywestcentral;migrationStage=NotStarted Some updates remain.}
{"logTime": "1127/221023", "correlationVector":"X/tBL5D4k0UFsRiuow7VkP","action":"Initial GetUpdates", "result":"", "context":Reason: NEWLY_SUPPORTED_DATATYPE. cV=X/tBL5D4k0UFsRiuow7VkP}
{"logTime": "1127/221023", "correlationVector":"X/tBL5D4k0UFsRiuow7VkP.1","action":"SyncServerConnectionManagerRequest", "result":"SYNC_SERVER_OK", "context":{"environment":"Prod_germanywestcentral_prod-s01-011-eur-germanywestcentral", "migrationStage":"NotStarted", "server":"akswtt10700000q"}}
{"logTime": "1127/221023", "correlationVector":"X/tBL5D4k0UFsRiuow7VkP.2","action":"ProcessGetUpdates", "result":"Done", "context":{"dataType":"Autofill Profiles", "deleted":"3", "process_failed_to_decrypt":"0", "process_pending_decryption":"0", "process_success":"4", "total":"4"}}
{"logTime": "1127/221023", "correlationVector":"X/tBL5D4k0UFsRiuow7VkP.3","action":"ProcessGetUpdates", "result":"Done", "context":{"dataType":"Autofill", "deleted":"0", "process_failed_to_decrypt":"0", "process_pending_decryption":"0", "process_success":"16", "total":"16"}}
{"logTime": "1127/221023", "correlationVector":"X/tBL5D4k0UFsRiuow7VkP.4","action":"ProcessGetUpdates", "result":"Done", "context":{"dataType":"Sessions", "deleted":"199", "process_failed_to_decrypt":"0", "process_pending_decryption":"0", "process_success":"199", "total":"199"}}
{"logTime": "1127/221023", "correlationVector":"X/tBL5D4k0UFsRiuow7VkP.5","action":"ProcessGetUpdates", "result":"Done", "context":{"dataType":"History Delete Directives", "deleted":"0", "process_failed_to_decrypt":"0", "process_pending_decryption":"0", "process_success":"29", "total":"29"}}
{"logTime": "1127/221023", "correlationVector":"X/tBL5D4k0UFsRiuow7VkP.6","action":"ProcessGetUpdates", "result":"Done", "context":{"dataType":"Edge Hub App Usage", "deleted":"1", "process_failed_to_decrypt":"0", "process_pending_decryption":"0", "process_success":"2", "total":"2"}}
{"logTime": "1127/221023", "correlationVector":"X/tBL5D4k0UFsRiuow7VkP.7","action":"GetUpdates Response", "result":"Success", "context":Received 250 update(s). cV=X/tBL5D4k0UFsRiuow7VkP.0;server=akswtt10700000q;cloudType=Consumer;environment=Prod_germanywestcentral_prod-s01-011-eur-germanywestcentral;migrationStage=NotStarted Some updates remain.}
{"logTime": "1127/221023", "correlationVector":"t9slrXNGg2oCGLQmR3oy/G","action":"Initial GetUpdates", "result":"", "context":Reason: NEWLY_SUPPORTED_DATATYPE. cV=t9slrXNGg2oCGLQmR3oy/G}
{"logTime": "1127/221024", "correlationVector":"t9slrXNGg2oCGLQmR3oy/G.1","action":"SyncServerConnectionManagerRequest", "result":"SYNC_SERVER_OK", "context":{"environment":"Prod_germanywestcentral_prod-s01-011-eur-germanywestcentral", "migrationStage":"NotStarted", "server":"akswtt107000005"}}
{"logTime": "1127/221024", "correlationVector":"t9slrXNGg2oCGLQmR3oy/G.2","action":"ProcessGetUpdates", "result":"Done", "context":{"dataType":"Autofill", "deleted":"0", "process_failed_to_decrypt":"0", "process_pending_decryption":"0", "process_success":"16", "total":"16"}}
{"logTime": "1127/221024", "correlationVector":"t9slrXNGg2oCGLQmR3oy/G.3","action":"ProcessGetUpdates", "result":"Done", "context":{"dataType":"Sessions", "deleted":"115", "process_failed_to_decrypt":"0", "process_pending_decryption":"0", "process_success":"115", "total":"115"}}
{"logTime": "1127/221024", "correlationVector":"t9slrXNGg2oCGLQmR3oy/G.4","action":"ProcessGetUpdates", "result":"Done", "context":{"dataType":"History Delete Directives", "deleted":"0", "process_failed_to_decrypt":"0", "process_pending_decryption":"0", "process_success":"117", "total":"117"}}
{"logTime": "1127/221024", "correlationVector":"t9slrXNGg2oCGLQmR3oy/G.5","action":"ProcessGetUpdates", "result":"Done", "context":{"dataType":"Edge Hub App Usage", "deleted":"1", "process_failed_to_decrypt":"0", "process_pending_decryption":"0", "process_success":"2", "total":"2"}}
{"logTime": "1127/221024", "correlationVector":"t9slrXNGg2oCGLQmR3oy/G.6","action":"GetUpdates Response", "result":"Success", "context":Received 250 update(s). cV=t9slrXNGg2oCGLQmR3oy/G.0;server=akswtt107000005;cloudType=Consumer;environment=Prod_germanywestcentral_prod-s01-011-eur-germanywestcentral;migrationStage=NotStarted Some updates remain.}
{"logTime": "1127/221024", "correlationVector":"r+b+2svbFG/R9rrLf5qXXR","action":"Initial GetUpdates", "result":"", "context":Reason: NEWLY_SUPPORTED_DATATYPE. cV=r+b+2svbFG/R9rrLf5qXXR}
{"logTime": "1127/221024", "correlationVector":"r+b+2svbFG/R9rrLf5qXXR.1","action":"SyncServerConnectionManagerRequest", "result":"SYNC_SERVER_OK", "context":{"environment":"Prod_germanywestcentral_prod-s01-011-eur-germanywestcentral", "migrationStage":"NotStarted", "server":"akswtt10700000q"}}
{"logTime": "1127/221024", "correlationVector":"r+b+2svbFG/R9rrLf5qXXR.2","action":"ProcessGetUpdates", "result":"Done", "context":{"dataType":"Autofill Profiles", "deleted":"0", "process_failed_to_decrypt":"0", "process_pending_decryption":"0", "process_success":"1", "total":"1"}}
{"logTime": "1127/221024", "correlationVector":"r+b+2svbFG/R9rrLf5qXXR.3","action":"ProcessGetUpdates", "result":"Done", "context":{"dataType":"Autofill", "deleted":"0", "process_failed_to_decrypt":"0", "process_pending_decryption":"0", "process_success":"24", "total":"24"}}
{"logTime": "1127/221024", "correlationVector":"r+b+2svbFG/R9rrLf5qXXR.4","action":"ProcessGetUpdates", "result":"Done", "context":{"dataType":"Sessions", "deleted":"177", "process_failed_to_decrypt":"0", "process_pending_decryption":"0", "process_success":"177", "total":"177"}}
{"logTime": "1127/221024", "correlationVector":"r+b+2svbFG/R9rrLf5qXXR.5","action":"ProcessGetUpdates", "result":"Done", "context":{"dataType":"History Delete Directives", "deleted":"0", "process_failed_to_decrypt":"0", "process_pending_decryption":"0", "process_success":"41", "total":"41"}}
{"logTime": "1127/221024", "correlationVector":"r+b+2svbFG/R9rrLf5qXXR.6","action":"ProcessGetUpdates", "result":"Done", "context":{"dataType":"Web Apps", "deleted":"0", "process_failed_to_decrypt":"0", "process_pending_decryption":"0", "process_success":"1", "total":"1"}}
{"logTime": "1127/221024", "correlationVector":"r+b+2svbFG/R9rrLf5qXXR.7","action":"ProcessGetUpdates", "result":"Done", "context":{"dataType":"Edge Hub App Usage", "deleted":"0", "process_failed_to_decrypt":"0", "process_pending_decryption":"0", "process_success":"6", "total":"6"}}
{"logTime": "1127/221024", "correlationVector":"r+b+2svbFG/R9rrLf5qXXR.8","action":"GetUpdates Response", "result":"Success", "context":Received 250 update(s). cV=r+b+2svbFG/R9rrLf5qXXR.0;server=akswtt10700000q;cloudType=Consumer;environment=Prod_germanywestcentral_prod-s01-011-eur-germanywestcentral;migrationStage=NotStarted Some updates remain.}
{"logTime": "1127/221024", "correlationVector":"v3RQSqtJaajCHwITyuxntY","action":"Initial GetUpdates", "result":"", "context":Reason: NEWLY_SUPPORTED_DATATYPE. cV=v3RQSqtJaajCHwITyuxntY}
{"logTime": "1127/221024", "correlationVector":"v3RQSqtJaajCHwITyuxntY.1","action":"SyncServerConnectionManagerRequest", "result":"SYNC_SERVER_OK", "context":{"environment":"Prod_germanywestcentral_prod-s01-011-eur-germanywestcentral", "migrationStage":"NotStarted", "server":"akswtt107000005"}}
{"logTime": "1127/221024", "correlationVector":"v3RQSqtJaajCHwITyuxntY.2","action":"ProcessGetUpdates", "result":"Done", "context":{"dataType":"Autofill Profiles", "deleted":"0", "process_failed_to_decrypt":"0", "process_pending_decryption":"0", "process_success":"5", "total":"5"}}
{"logTime": "1127/221024", "correlationVector":"v3RQSqtJaajCHwITyuxntY.3","action":"ProcessGetUpdates", "result":"Done", "context":{"dataType":"Autofill", "deleted":"0", "process_failed_to_decrypt":"0", "process_pending_decryption":"0", "process_success":"34", "total":"34"}}
{"logTime": "1127/221024", "correlationVector":"v3RQSqtJaajCHwITyuxntY.4","action":"ProcessGetUpdates", "result":"Done", "context":{"dataType":"Sessions", "deleted":"197", "process_failed_to_decrypt":"0", "process_pending_decryption":"0", "process_success":"197", "total":"197"}}
{"logTime": "1127/221024", "correlationVector":"v3RQSqtJaajCHwITyuxntY.5","action":"ProcessGetUpdates", "result":"Done", "context":{"dataType":"History Delete Directives", "deleted":"0", "process_failed_to_decrypt":"0", "process_pending_decryption":"0", "process_success":"10", "total":"10"}}
{"logTime": "1127/221024", "correlationVector":"v3RQSqtJaajCHwITyuxntY.6","action":"ProcessGetUpdates", "result":"Done", "context":{"dataType":"Web Apps", "deleted":"0", "process_failed_to_decrypt":"0", "process_pending_decryption":"0", "process_success":"1", "total":"1"}}
{"logTime": "1127/221024", "correlationVector":"v3RQSqtJaajCHwITyuxntY.7","action":"ProcessGetUpdates", "result":"Done", "context":{"dataType":"Edge Hub App Usage", "deleted":"0", "process_failed_to_decrypt":"0", "process_pending_decryption":"0", "process_success":"3", "total":"3"}}
{"logTime": "1127/221024", "correlationVector":"v3RQSqtJaajCHwITyuxntY.8","action":"GetUpdates Response", "result":"Success", "context":Received 250 update(s). cV=v3RQSqtJaajCHwITyuxntY.0;server=akswtt107000005;cloudType=Consumer;environment=Prod_germanywestcentral_prod-s01-011-eur-germanywestcentral;migrationStage=NotStarted Some updates remain.}
{"logTime": "1127/221024", "correlationVector":"0hzwim7+P0PXdhg9F9fHBh","action":"Initial GetUpdates", "result":"", "context":Reason: NEWLY_SUPPORTED_DATATYPE. cV=0hzwim7+P0PXdhg9F9fHBh}
{"logTime": "1127/221024", "correlationVector":"0hzwim7+P0PXdhg9F9fHBh.1","action":"SyncServerConnectionManagerRequest", "result":"SYNC_SERVER_OK", "context":{"environment":"Prod_germanywestcentral_prod-s01-011-eur-germanywestcentral", "migrationStage":"NotStarted", "server":"akswtt107000002"}}
{"logTime": "1127/221024", "correlationVector":"0hzwim7+P0PXdhg9F9fHBh.2","action":"ProcessGetUpdates", "result":"Done", "context":{"dataType":"Autofill Profiles", "deleted":"0", "process_failed_to_decrypt":"0", "process_pending_decryption":"0", "process_success":"1", "total":"1"}}
{"logTime": "1127/221024", "correlationVector":"0hzwim7+P0PXdhg9F9fHBh.3","action":"ProcessGetUpdates", "result":"Done", "context":{"dataType":"Autofill", "deleted":"0", "process_failed_to_decrypt":"0", "process_pending_decryption":"0", "process_success":"5", "total":"5"}}
{"logTime": "1127/221024", "correlationVector":"0hzwim7+P0PXdhg9F9fHBh.4","action":"ProcessGetUpdates", "result":"Done", "context":{"dataType":"Sessions", "deleted":"51", "process_failed_to_decrypt":"0", "process_pending_decryption":"0", "process_success":"58", "total":"58"}}
{"logTime": "1127/221024", "correlationVector":"0hzwim7+P0PXdhg9F9fHBh.5","action":"GetUpdates Response", "result":"Success", "context":Received 64 update(s). cV=0hzwim7+P0PXdhg9F9fHBh.0;server=akswtt107000002;cloudType=Consumer;environment=Prod_germanywestcentral_prod-s01-011-eur-germanywestcentral;migrationStage=NotStarted}
{"logTime": "1127/221025", "correlationVector":"v126QG/w1tjHEXH6j2y2qJ","action":"Initial GetUpdates", "result":"", "context":Reason: NEWLY_SUPPORTED_DATATYPE. cV=v126QG/w1tjHEXH6j2y2qJ}
{"logTime": "1127/221025", "correlationVector":"v126QG/w1tjHEXH6j2y2qJ.1","action":"SyncServerConnectionManagerRequest", "result":"SYNC_SERVER_OK", "context":{"environment":"Prod_germanywestcentral_prod-s01-011-eur-germanywestcentral", "migrationStage":"NotStarted", "server":"akswtt107000002"}}
{"logTime": "1127/221025", "correlationVector":"v126QG/w1tjHEXH6j2y2qJ.2","action":"ProcessGetUpdates", "result":"Done", "context":{"dataType":"History", "deleted":"0", "process_failed_to_decrypt":"0", "process_pending_decryption":"0", "process_success":"250", "total":"250"}}
{"logTime": "1127/221025", "correlationVector":"v126QG/w1tjHEXH6j2y2qJ.3","action":"GetUpdates Response", "result":"Success", "context":Received 250 update(s). cV=v126QG/w1tjHEXH6j2y2qJ.0;server=akswtt107000002;cloudType=Consumer;environment=Prod_germanywestcentral_prod-s01-011-eur-germanywestcentral;migrationStage=NotStarted Some updates remain.}
{"logTime": "1127/221025", "correlationVector":"yogVvlEngMT5aTNIjXJ6nM","action":"Initial GetUpdates", "result":"", "context":Reason: NEWLY_SUPPORTED_DATATYPE. cV=yogVvlEngMT5aTNIjXJ6nM}
{"logTime": "1127/221025", "correlationVector":"yogVvlEngMT5aTNIjXJ6nM.1","action":"SyncServerConnectionManagerRequest", "result":"SYNC_SERVER_OK", "context":{"environment":"Prod_germanywestcentral_prod-s01-011-eur-germanywestcentral", "migrationStage":"NotStarted", "server":"akswtt10700000q"}}
{"logTime": "1127/221025", "correlationVector":"yogVvlEngMT5aTNIjXJ6nM.2","action":"ProcessGetUpdates", "result":"Done", "context":{"dataType":"History", "deleted":"0", "process_failed_to_decrypt":"0", "process_pending_decryption":"0", "process_success":"250", "total":"250"}}
{"logTime": "1127/221025", "correlationVector":"yogVvlEngMT5aTNIjXJ6nM.3","action":"GetUpdates Response", "result":"Success", "context":Received 250 update(s). cV=yogVvlEngMT5aTNIjXJ6nM.0;server=akswtt10700000q;cloudType=Consumer;environment=Prod_germanywestcentral_prod-s01-011-eur-germanywestcentral;migrationStage=NotStarted Some updates remain.}
{"logTime": "1127/221025", "correlationVector":"uAe9jvlSqs9sY1ZQGVmO76","action":"Initial GetUpdates", "result":"", "context":Reason: NEWLY_SUPPORTED_DATATYPE. cV=uAe9jvlSqs9sY1ZQGVmO76}
{"logTime": "1127/221026", "correlationVector":"uAe9jvlSqs9sY1ZQGVmO76.1","action":"SyncServerConnectionManagerRequest", "result":"SYNC_SERVER_OK", "context":{"environment":"Prod_germanywestcentral_prod-s01-011-eur-germanywestcentral", "migrationStage":"NotStarted", "server":"akswtt107000002"}}
{"logTime": "1127/221026", "correlationVector":"uAe9jvlSqs9sY1ZQGVmO76.2","action":"ProcessGetUpdates", "result":"Done", "context":{"dataType":"History", "deleted":"0", "process_failed_to_decrypt":"0", "process_pending_decryption":"0", "process_success":"250", "total":"250"}}
{"logTime": "1127/221026", "correlationVector":"uAe9jvlSqs9sY1ZQGVmO76.3","action":"GetUpdates Response", "result":"Success", "context":Received 250 update(s). cV=uAe9jvlSqs9sY1ZQGVmO76.0;server=akswtt107000002;cloudType=Consumer;environment=Prod_germanywestcentral_prod-s01-011-eur-germanywestcentral;migrationStage=NotStarted Some updates remain.}
{"logTime": "1127/221026", "correlationVector":"4x7oDtYdKBixFEJHM3ibd2","action":"Initial GetUpdates", "result":"", "context":Reason: NEWLY_SUPPORTED_DATATYPE. cV=4x7oDtYdKBixFEJHM3ibd2}
{"logTime": "1127/221026", "correlationVector":"4x7oDtYdKBixFEJHM3ibd2.1","action":"SyncServerConnectionManagerRequest", "result":"SYNC_SERVER_OK", "context":{"environment":"Prod_germanywestcentral_prod-s01-011-eur-germanywestcentral", "migrationStage":"NotStarted", "server":"akswtt10700000q"}}
{"logTime": "1127/221026", "correlationVector":"4x7oDtYdKBixFEJHM3ibd2.2","action":"ProcessGetUpdates", "result":"Done", "context":{"dataType":"History", "deleted":"0", "process_failed_to_decrypt":"0", "process_pending_decryption":"0", "process_success":"250", "total":"250"}}
{"logTime": "1127/221026", "correlationVector":"4x7oDtYdKBixFEJHM3ibd2.3","action":"GetUpdates Response", "result":"Success", "context":Received 250 update(s). cV=4x7oDtYdKBixFEJHM3ibd2.0;server=akswtt10700000q;cloudType=Consumer;environment=Prod_germanywestcentral_prod-s01-011-eur-germanywestcentral;migrationStage=NotStarted Some updates remain.}
{"logTime": "1127/221026", "correlationVector":"5IOWbmwrLfqmXTmcB6zY1M","action":"Initial GetUpdates", "result":"", "context":Reason: NEWLY_SUPPORTED_DATATYPE. cV=5IOWbmwrLfqmXTmcB6zY1M}
{"logTime": "1127/221026", "correlationVector":"5IOWbmwrLfqmXTmcB6zY1M.1","action":"SyncServerConnectionManagerRequest", "result":"SYNC_SERVER_OK", "context":{"environment":"Prod_germanywestcentral_prod-s01-011-eur-germanywestcentral", "migrationStage":"NotStarted", "server":"akswtt107000002"}}
{"logTime": "1127/221026", "correlationVector":"5IOWbmwrLfqmXTmcB6zY1M.2","action":"ProcessGetUpdates", "result":"Done", "context":{"dataType":"History", "deleted":"15", "process_failed_to_decrypt":"0", "process_pending_decryption":"0", "process_success":"250", "total":"250"}}
{"logTime": "1127/221026", "correlationVector":"5IOWbmwrLfqmXTmcB6zY1M.3","action":"GetUpdates Response", "result":"Success", "context":Received 250 update(s). cV=5IOWbmwrLfqmXTmcB6zY1M.0;server=akswtt107000002;cloudType=Consumer;environment=Prod_germanywestcentral_prod-s01-011-eur-germanywestcentral;migrationStage=NotStarted Some updates remain.}
{"logTime": "1127/221026", "correlationVector":"/uam3sXJLh6LYC2iCVyWyx","action":"Initial GetUpdates", "result":"", "context":Reason: NEWLY_SUPPORTED_DATATYPE. cV=/uam3sXJLh6LYC2iCVyWyx}
{"logTime": "1127/221027", "correlationVector":"/uam3sXJLh6LYC2iCVyWyx.1","action":"SyncServerConnectionManagerRequest", "result":"SYNC_SERVER_OK", "context":{"environment":"Prod_germanywestcentral_prod-s01-011-eur-germanywestcentral", "migrationStage":"NotStarted", "server":"akswtt10700000q"}}
{"logTime": "1127/221027", "correlationVector":"/uam3sXJLh6LYC2iCVyWyx.2","action":"ProcessGetUpdates", "result":"Done", "context":{"dataType":"History", "deleted":"0", "process_failed_to_decrypt":"0", "process_pending_decryption":"0", "process_success":"250", "total":"250"}}
{"logTime": "1127/221027", "correlationVector":"/uam3sXJLh6LYC2iCVyWyx.3","action":"GetUpdates Response", "result":"Success", "context":Received 250 update(s). cV=/uam3sXJLh6LYC2iCVyWyx.0;server=akswtt10700000q;cloudType=Consumer;environment=Prod_germanywestcentral_prod-s01-011-eur-germanywestcentral;migrationStage=NotStarted Some updates remain.}
{"logTime": "1127/221027", "correlationVector":"GtIGj3kht4A/f6tkhXH9SV","action":"Initial GetUpdates", "result":"", "context":Reason: NEWLY_SUPPORTED_DATATYPE. cV=GtIGj3kht4A/f6tkhXH9SV}
{"logTime": "1127/221027", "correlationVector":"GtIGj3kht4A/f6tkhXH9SV.1","action":"SyncServerConnectionManagerRequest", "result":"SYNC_SERVER_OK", "context":{"environment":"Prod_germanywestcentral_prod-s01-011-eur-germanywestcentral", "migrationStage":"NotStarted", "server":"akswtt107000002"}}
{"logTime": "1127/221027", "correlationVector":"GtIGj3kht4A/f6tkhXH9SV.2","action":"ProcessGetUpdates", "result":"Done", "context":{"dataType":"History", "deleted":"0", "process_failed_to_decrypt":"0", "process_pending_decryption":"0", "process_success":"250", "total":"250"}}
{"logTime": "1127/221027", "correlationVector":"GtIGj3kht4A/f6tkhXH9SV.3","action":"GetUpdates Response", "result":"Success", "context":Received 250 update(s). cV=GtIGj3kht4A/f6tkhXH9SV.0;server=akswtt107000002;cloudType=Consumer;environment=Prod_germanywestcentral_prod-s01-011-eur-germanywestcentral;migrationStage=NotStarted Some updates remain.}
{"logTime": "1127/221027", "correlationVector":"rKu637zWqXsgGfmqpEpOsS","action":"Initial GetUpdates", "result":"", "context":Reason: NEWLY_SUPPORTED_DATATYPE. cV=rKu637zWqXsgGfmqpEpOsS}
{"logTime": "1127/221027", "correlationVector":"rKu637zWqXsgGfmqpEpOsS.1","action":"SyncServerConnectionManagerRequest", "result":"SYNC_SERVER_OK", "context":{"environment":"Prod_germanywestcentral_prod-s01-011-eur-germanywestcentral", "migrationStage":"NotStarted", "server":"akswtt10700000q"}}
{"logTime": "1127/221027", "correlationVector":"rKu637zWqXsgGfmqpEpOsS.2","action":"ProcessGetUpdates", "result":"Done", "context":{"dataType":"History", "deleted":"0", "process_failed_to_decrypt":"0", "process_pending_decryption":"0", "process_success":"250", "total":"250"}}
{"logTime": "1127/221027", "correlationVector":"rKu637zWqXsgGfmqpEpOsS.3","action":"GetUpdates Response", "result":"Success", "context":Received 250 update(s). cV=rKu637zWqXsgGfmqpEpOsS.0;server=akswtt10700000q;cloudType=Consumer;environment=Prod_germanywestcentral_prod-s01-011-eur-germanywestcentral;migrationStage=NotStarted Some updates remain.}
{"logTime": "1127/221027", "correlationVector":"hIVvrTE3nPrEtsUABagI4n","action":"Initial GetUpdates", "result":"", "context":Reason: NEWLY_SUPPORTED_DATATYPE. cV=hIVvrTE3nPrEtsUABagI4n}
{"logTime": "1127/221028", "correlationVector":"hIVvrTE3nPrEtsUABagI4n.1","action":"SyncServerConnectionManagerRequest", "result":"SYNC_SERVER_OK", "context":{"environment":"Prod_germanywestcentral_prod-s01-011-eur-germanywestcentral", "migrationStage":"NotStarted", "server":"akswtt107000002"}}
{"logTime": "1127/221028", "correlationVector":"hIVvrTE3nPrEtsUABagI4n.2","action":"ProcessGetUpdates", "result":"Done", "context":{"dataType":"History", "deleted":"0", "process_failed_to_decrypt":"0", "process_pending_decryption":"0", "process_success":"250", "total":"250"}}
{"logTime": "1127/221028", "correlationVector":"hIVvrTE3nPrEtsUABagI4n.3","action":"GetUpdates Response", "result":"Success", "context":Received 250 update(s). cV=hIVvrTE3nPrEtsUABagI4n.0;server=akswtt107000002;cloudType=Consumer;environment=Prod_germanywestcentral_prod-s01-011-eur-germanywestcentral;migrationStage=NotStarted Some updates remain.}
{"logTime": "1127/221028", "correlationVector":"0awx6hSptU5AUdaZo43U4F","action":"Initial GetUpdates", "result":"", "context":Reason: NEWLY_SUPPORTED_DATATYPE. cV=0awx6hSptU5AUdaZo43U4F}
{"logTime": "1127/221028", "correlationVector":"0awx6hSptU5AUdaZo43U4F.1","action":"SyncServerConnectionManagerRequest", "result":"SYNC_SERVER_OK", "context":{"environment":"Prod_germanywestcentral_prod-s01-011-eur-germanywestcentral", "migrationStage":"NotStarted", "server":"akswtt10700000q"}}
{"logTime": "1127/221028", "correlationVector":"0awx6hSptU5AUdaZo43U4F.2","action":"ProcessGetUpdates", "result":"Done", "context":{"dataType":"History", "deleted":"0", "process_failed_to_decrypt":"0", "process_pending_decryption":"0", "process_success":"250", "total":"250"}}
{"logTime": "1127/221028", "correlationVector":"0awx6hSptU5AUdaZo43U4F.3","action":"GetUpdates Response", "result":"Success", "context":Received 250 update(s). cV=0awx6hSptU5AUdaZo43U4F.0;server=akswtt10700000q;cloudType=Consumer;environment=Prod_germanywestcentral_prod-s01-011-eur-germanywestcentral;migrationStage=NotStarted Some updates remain.}
{"logTime": "1127/221028", "correlationVector":"3bakZl9cHMip2ELVAzTwEG","action":"Initial GetUpdates", "result":"", "context":Reason: NEWLY_SUPPORTED_DATATYPE. cV=3bakZl9cHMip2ELVAzTwEG}
{"logTime": "1127/221028", "correlationVector":"3bakZl9cHMip2ELVAzTwEG.1","action":"SyncServerConnectionManagerRequest", "result":"SYNC_SERVER_OK", "context":{"environment":"Prod_germanywestcentral_prod-s01-011-eur-germanywestcentral", "migrationStage":"NotStarted", "server":"akswtt10700000q"}}
{"logTime": "1127/221028", "correlationVector":"3bakZl9cHMip2ELVAzTwEG.2","action":"ProcessGetUpdates", "result":"Done", "context":{"dataType":"History", "deleted":"0", "process_failed_to_decrypt":"0", "process_pending_decryption":"0", "process_success":"250", "total":"250"}}
{"logTime": "1127/221028", "correlationVector":"3bakZl9cHMip2ELVAzTwEG.3","action":"GetUpdates Response", "result":"Success", "context":Received 250 update(s). cV=3bakZl9cHMip2ELVAzTwEG.0;server=akswtt10700000q;cloudType=Consumer;environment=Prod_germanywestcentral_prod-s01-011-eur-germanywestcentral;migrationStage=NotStarted Some updates remain.}
{"logTime": "1127/221028", "correlationVector":"31dBO1gzuBq+c135T7sgal","action":"Initial GetUpdates", "result":"", "context":Reason: NEWLY_SUPPORTED_DATATYPE. cV=31dBO1gzuBq+c135T7sgal}
{"logTime": "1127/221029", "correlationVector":"31dBO1gzuBq+c135T7sgal.1","action":"SyncServerConnectionManagerRequest", "result":"SYNC_SERVER_OK", "context":{"environment":"Prod_germanywestcentral_prod-s01-011-eur-germanywestcentral", "migrationStage":"NotStarted", "server":"akswtt107000005"}}
{"logTime": "1127/221029", "correlationVector":"31dBO1gzuBq+c135T7sgal.2","action":"ProcessGetUpdates", "result":"Done", "context":{"dataType":"History", "deleted":"0", "process_failed_to_decrypt":"0", "process_pending_decryption":"0", "process_success":"250", "total":"250"}}
{"logTime": "1127/221029", "correlationVector":"31dBO1gzuBq+c135T7sgal.3","action":"GetUpdates Response", "result":"Success", "context":Received 250 update(s). cV=31dBO1gzuBq+c135T7sgal.0;server=akswtt107000005;cloudType=Consumer;environment=Prod_germanywestcentral_prod-s01-011-eur-germanywestcentral;migrationStage=NotStarted Some updates remain.}
{"logTime": "1127/221029", "correlationVector":"UmrmBtTiKtREPxNmJa1pHS","action":"Initial GetUpdates", "result":"", "context":Reason: NEWLY_SUPPORTED_DATATYPE. cV=UmrmBtTiKtREPxNmJa1pHS}
{"logTime": "1127/221029", "correlationVector":"UmrmBtTiKtREPxNmJa1pHS.1","action":"SyncServerConnectionManagerRequest", "result":"SYNC_SERVER_OK", "context":{"environment":"Prod_germanywestcentral_prod-s01-011-eur-germanywestcentral", "migrationStage":"NotStarted", "server":"akswtt107000002"}}
{"logTime": "1127/221029", "correlationVector":"UmrmBtTiKtREPxNmJa1pHS.2","action":"ProcessGetUpdates", "result":"Done", "context":{"dataType":"History", "deleted":"0", "process_failed_to_decrypt":"0", "process_pending_decryption":"0", "process_success":"250", "total":"250"}}
{"logTime": "1127/221029", "correlationVector":"UmrmBtTiKtREPxNmJa1pHS.3","action":"GetUpdates Response", "result":"Success", "context":Received 250 update(s). cV=UmrmBtTiKtREPxNmJa1pHS.0;server=akswtt107000002;cloudType=Consumer;environment=Prod_germanywestcentral_prod-s01-011-eur-germanywestcentral;migrationStage=NotStarted Some updates remain.}
{"logTime": "1127/221029", "correlationVector":"UBt9A988bHmr63azvDKE3c","action":"Initial GetUpdates", "result":"", "context":Reason: NEWLY_SUPPORTED_DATATYPE. cV=UBt9A988bHmr63azvDKE3c}
{"logTime": "1127/221029", "correlationVector":"UBt9A988bHmr63azvDKE3c.1","action":"SyncServerConnectionManagerRequest", "result":"SYNC_SERVER_OK", "context":{"environment":"Prod_germanywestcentral_prod-s01-011-eur-germanywestcentral", "migrationStage":"NotStarted", "server":"akswtt10700000q"}}
{"logTime": "1127/221029", "correlationVector":"UBt9A988bHmr63azvDKE3c.2","action":"ProcessGetUpdates", "result":"Done", "context":{"dataType":"History", "deleted":"0", "process_failed_to_decrypt":"0", "process_pending_decryption":"0", "process_success":"250", "total":"250"}}
{"logTime": "1127/221029", "correlationVector":"UBt9A988bHmr63azvDKE3c.3","action":"GetUpdates Response", "result":"Success", "context":Received 250 update(s). cV=UBt9A988bHmr63azvDKE3c.0;server=akswtt10700000q;cloudType=Consumer;environment=Prod_germanywestcentral_prod-s01-011-eur-germanywestcentral;migrationStage=NotStarted Some updates remain.}
{"logTime": "1127/221029", "correlationVector":"/Q8xbqz19hhmLGNX0YDypm","action":"Initial GetUpdates", "result":"", "context":Reason: NEWLY_SUPPORTED_DATATYPE. cV=/Q8xbqz19hhmLGNX0YDypm}
{"logTime": "1127/221029", "correlationVector":"/Q8xbqz19hhmLGNX0YDypm.1","action":"SyncServerConnectionManagerRequest", "result":"SYNC_SERVER_OK", "context":{"environment":"Prod_germanywestcentral_prod-s01-011-eur-germanywestcentral", "migrationStage":"NotStarted", "server":"akswtt10700000q"}}
{"logTime": "1127/221029", "correlationVector":"/Q8xbqz19hhmLGNX0YDypm.2","action":"ProcessGetUpdates", "result":"Done", "context":{"dataType":"History", "deleted":"0", "process_failed_to_decrypt":"0", "process_pending_decryption":"0", "process_success":"250", "total":"250"}}
{"logTime": "1127/221029", "correlationVector":"/Q8xbqz19hhmLGNX0YDypm.3","action":"GetUpdates Response", "result":"Success", "context":Received 250 update(s). cV=/Q8xbqz19hhmLGNX0YDypm.0;server=akswtt10700000q;cloudType=Consumer;environment=Prod_germanywestcentral_prod-s01-011-eur-germanywestcentral;migrationStage=NotStarted Some updates remain.}
{"logTime": "1127/221029", "correlationVector":"dM7L0IpBW/OAOBrqbIkOur","action":"Initial GetUpdates", "result":"", "context":Reason: NEWLY_SUPPORTED_DATATYPE. cV=dM7L0IpBW/OAOBrqbIkOur}
{"logTime": "1127/221030", "correlationVector":"dM7L0IpBW/OAOBrqbIkOur.1","action":"SyncServerConnectionManagerRequest", "result":"SYNC_SERVER_OK", "context":{"environment":"Prod_germanywestcentral_prod-s01-010-eur-germanywestcentral", "migrationStage":"NotStarted", "server":"akswtt10700000s"}}
{"logTime": "1127/221030", "correlationVector":"dM7L0IpBW/OAOBrqbIkOur.2","action":"ProcessGetUpdates", "result":"Done", "context":{"dataType":"History", "deleted":"20", "process_failed_to_decrypt":"0", "process_pending_decryption":"0", "process_success":"250", "total":"250"}}
{"logTime": "1127/221030", "correlationVector":"dM7L0IpBW/OAOBrqbIkOur.3","action":"GetUpdates Response", "result":"Success", "context":Received 250 update(s). cV=dM7L0IpBW/OAOBrqbIkOur.0;server=akswtt10700000s;cloudType=Consumer;environment=Prod_germanywestcentral_prod-s01-010-eur-germanywestcentral;migrationStage=NotStarted Some updates remain.}
{"logTime": "1127/221030", "correlationVector":"WD0tcTIW4NMhyp+M5k4Ec7","action":"Initial GetUpdates", "result":"", "context":Reason: NEWLY_SUPPORTED_DATATYPE. cV=WD0tcTIW4NMhyp+M5k4Ec7}
{"logTime": "1127/221030", "correlationVector":"WD0tcTIW4NMhyp+M5k4Ec7.1","action":"SyncServerConnectionManagerRequest", "result":"SYNC_SERVER_OK", "context":{"environment":"Prod_germanywestcentral_prod-s01-010-eur-germanywestcentral", "migrationStage":"NotStarted", "server":"akswtt10700000m"}}
{"logTime": "1127/221030", "correlationVector":"WD0tcTIW4NMhyp+M5k4Ec7.2","action":"ProcessGetUpdates", "result":"Done", "context":{"dataType":"History", "deleted":"0", "process_failed_to_decrypt":"0", "process_pending_decryption":"0", "process_success":"250", "total":"250"}}
{"logTime": "1127/221030", "correlationVector":"WD0tcTIW4NMhyp+M5k4Ec7.3","action":"GetUpdates Response", "result":"Success", "context":Received 250 update(s). cV=WD0tcTIW4NMhyp+M5k4Ec7.0;server=akswtt10700000m;cloudType=Consumer;environment=Prod_germanywestcentral_prod-s01-010-eur-germanywestcentral;migrationStage=NotStarted Some updates remain.}
{"logTime": "1127/221030", "correlationVector":"QULnuG/U7PyOeiMkd4YXM0","action":"Initial GetUpdates", "result":"", "context":Reason: NEWLY_SUPPORTED_DATATYPE. cV=QULnuG/U7PyOeiMkd4YXM0}
{"logTime": "1127/221030", "correlationVector":"QULnuG/U7PyOeiMkd4YXM0.1","action":"SyncServerConnectionManagerRequest", "result":"SYNC_SERVER_OK", "context":{"environment":"Prod_germanywestcentral_prod-s01-010-eur-germanywestcentral", "migrationStage":"NotStarted", "server":"akswtt10700000s"}}
{"logTime": "1127/221030", "correlationVector":"QULnuG/U7PyOeiMkd4YXM0.2","action":"ProcessGetUpdates", "result":"Done", "context":{"dataType":"History", "deleted":"0", "process_failed_to_decrypt":"0", "process_pending_decryption":"0", "process_success":"153", "total":"153"}}
{"logTime": "1127/221030", "correlationVector":"QULnuG/U7PyOeiMkd4YXM0.3","action":"GetUpdates Response", "result":"Success", "context":Received 153 update(s). cV=QULnuG/U7PyOeiMkd4YXM0.0;server=akswtt10700000s;cloudType=Consumer;environment=Prod_germanywestcentral_prod-s01-010-eur-germanywestcentral;migrationStage=NotStarted}
{"logTime": "1127/221031", "correlationVector":"tVgo/MwrNFB9g2RpD6jtfY","action":"Normal GetUpdate request", "result":"", "context":cV=tVgo/MwrNFB9g2RpD6jtfY
Nudged types: Sessions, Device Info, User Consents
Refresh requested types: Bookmarks, Preferences, Passwords, Autofill Profiles, Autofill, Extensions, Sessions, Extension settings, History Delete Directives, Device Info, User Consents, Send Tab To Self, Web Apps, History, Saved Tab Group, WebAuthn Credentials, Collection, Edge E Drop, Edge Hub App Usage, Edge Wallet, Encryption Keys}
{"logTime": "1127/221031", "correlationVector":"tVgo/MwrNFB9g2RpD6jtfY.1","action":"SyncServerConnectionManagerRequest", "result":"SYNC_SERVER_OK", "context":{"environment":"Prod_germanywestcentral_prod-s01-010-eur-germanywestcentral", "migrationStage":"NotStarted", "server":"akswtt107000001"}}
{"logTime": "1127/221031", "correlationVector":"tVgo/MwrNFB9g2RpD6jtfY.2","action":"GetUpdates Response", "result":"Success", "context":Received 0 update(s). cV=tVgo/MwrNFB9g2RpD6jtfY.0;server=akswtt107000001;cloudType=Consumer;environment=Prod_germanywestcentral_prod-s01-010-eur-germanywestcentral;migrationStage=NotStarted}
{"logTime": "1127/221031", "correlationVector":"Zl5PXWDI2sSYQeOu65/w8k","action":"DoCompareDataConsistency requsted types: ", "result":"Bookmarks, Preferences, Passwords, Extensions, Extension settings, History Delete Directives, Send Tab To Self, Web Apps, History, Saved Tab Group, WebAuthn Credentials, Collection, Edge E Drop, Edge Wallet, Encryption Keys"}
{"logTime": "1127/221031", "correlationVector":"Zl5PXWDI2sSYQeOu65/w8k.0","action":"CompareDataConsistency result: ", "result":"Compare result: Encryption Keys is consistent. local entities count is: 1 local entities hash is: WwZs1bDMa6MXcMjEz7rQRC02too="}
{"logTime": "1127/221031", "correlationVector":"Zl5PXWDI2sSYQeOu65/w8k.1","action":"CompareDataConsistency result: ", "result":"Compare result: Bookmarks is consistent. local entities count is: 14 local entities hash is: vo54GtFxDJicGZS9q4VonP5RGjc="}
{"logTime": "1127/221031", "correlationVector":"Zl5PXWDI2sSYQeOu65/w8k.2","action":"CompareDataConsistency result: ", "result":"Compare result: Preferences is consistent. local entities count is: 109 local entities hash is: aViMZxrgk7YRFVNtTVDWA29FRFQ="}
{"logTime": "1127/221031", "correlationVector":"Zl5PXWDI2sSYQeOu65/w8k.3","action":"CompareDataConsistency result: ", "result":"Compare result: Extensions is consistent. local entities count is: 0 local entities hash is: "}
{"logTime": "1127/221031", "correlationVector":"Zl5PXWDI2sSYQeOu65/w8k.4","action":"CompareDataConsistency result: ", "result":"Compare result: Extension settings is consistent. local entities count is: 0 local entities hash is: "}
{"logTime": "1127/221031", "correlationVector":"Zl5PXWDI2sSYQeOu65/w8k.5","action":"CompareDataConsistency result: ", "result":"Compare result: History Delete Directives is inconsistent. server entities count is: 197 server entities hash is: hnXRT6pBU5POzjbs60U4PdOmABA= local entities count is: 0 local entities hash is: "}
{"logTime": "1127/221031", "correlationVector":"Zl5PXWDI2sSYQeOu65/w8k.6","action":"CompareDataConsistency result: ", "result":"Server did not send this Send Tab To Self local entities count is: 0 local entities hash is: "}
{"logTime": "1127/221031", "correlationVector":"Zl5PXWDI2sSYQeOu65/w8k.7","action":"CompareDataConsistency result: ", "result":"Compare result: Web Apps is consistent. local entities count is: 3 local entities hash is: Wc9wqnoEJIsT1t4eeDlGOhVT9qA="}
{"logTime": "1127/221031", "correlationVector":"Zl5PXWDI2sSYQeOu65/w8k.8","action":"CompareDataConsistency result: ", "result":"Server did not send this History local entities count is: 0 local entities hash is: "}
{"logTime": "1127/221031", "correlationVector":"Zl5PXWDI2sSYQeOu65/w8k.9","action":"CompareDataConsistency result: ", "result":"Compare result: Saved Tab Group is consistent. local entities count is: 0 local entities hash is: "}
{"logTime": "1127/221031", "correlationVector":"Zl5PXWDI2sSYQeOu65/w8k.10","action":"CompareDataConsistency result: ", "result":"Server did not send this WebAuthn Credentials local entities count is: 0 local entities hash is: "}
{"logTime": "1127/221031", "correlationVector":"Zl5PXWDI2sSYQeOu65/w8k.11","action":"CompareDataConsistency result: ", "result":"Compare result: Collection is consistent. local entities count is: 0 local entities hash is: "}
{"logTime": "1127/221031", "correlationVector":"Zl5PXWDI2sSYQeOu65/w8k.12","action":"CompareDataConsistency result: ", "result":"Compare result: Edge E Drop is consistent. local entities count is: 0 local entities hash is: "}
{"logTime": "1127/221031", "correlationVector":"Zl5PXWDI2sSYQeOu65/w8k.13","action":"CompareDataConsistency result: ", "result":"Compare result: Edge Wallet is consistent. local entities count is: 0 local entities hash is: "}
{"logTime": "1127/221031", "correlationVector":"Zl5PXWDI2sSYQeOu65/w8k.14","action":"CompareDataConsistency result: ", "result":"Compare result: Passwords is consistent. local entities count is: 122 local entities hash is: XHczlAb0522s6d3KPTVnX0hcfns="}
{"logTime": "1127/221031", "correlationVector":"l7syGSvgPN23tJoJrNNl5I","action":"Commit Request", "result":"", "context":Item count: 5
Contributing types: Sessions, Device Info, User Consents}
{"logTime": "1127/221031", "correlationVector":"l7syGSvgPN23tJoJrNNl5I.1","action":"SyncServerConnectionManagerRequest", "result":"SYNC_SERVER_OK", "context":{"environment":"Prod_germanywestcentral_prod-s01-010-eur-germanywestcentral", "migrationStage":"NotStarted", "server":"akswtt10700000n"}}
{"logTime": "1127/221031", "correlationVector":"l7syGSvgPN23tJoJrNNl5I.2","action":"Commit Response", "result":"Success", "context":Result: Success. cV=l7syGSvgPN23tJoJrNNl5I.0;server=akswtt10700000n;cloudType=Consumer;environment=Prod_germanywestcentral_prod-s01-010-eur-germanywestcentral;migrationStage=NotStarted}
{"logTime": "1127/221031", "correlationVector":"","action":"DIAGNOSTIC_REQUEST|v1/diagnosticData/Diagnostic.SendCheckResult()|SUCCESS", "result":""}
{"logTime": "1127/221035", "correlationVector":"MaUpyxgrXOINcNB6XGDgqn","action":"Commit Request", "result":"", "context":Item count: 40
Contributing types: Passwords}
{"logTime": "1127/221036", "correlationVector":"MaUpyxgrXOINcNB6XGDgqn.1","action":"SyncServerConnectionManagerRequest", "result":"SYNC_SERVER_OK", "context":{"environment":"Prod_germanywestcentral_prod-s01-010-eur-germanywestcentral", "migrationStage":"NotStarted", "server":"akswtt10700000n"}}
{"logTime": "1127/221036", "correlationVector":"MaUpyxgrXOINcNB6XGDgqn.2","action":"Commit Response", "result":"Success", "context":Result: Success. cV=MaUpyxgrXOINcNB6XGDgqn.0;server=akswtt10700000n;cloudType=Consumer;environment=Prod_germanywestcentral_prod-s01-010-eur-germanywestcentral;migrationStage=NotStarted}
{"logTime": "1127/221036", "correlationVector":"+Jy8n6htFiLXzMwSVCdZRV","action":"Commit Request", "result":"", "context":Item count: 40
Contributing types: Passwords}
{"logTime": "1127/221037", "correlationVector":"+Jy8n6htFiLXzMwSVCdZRV.1","action":"SyncServerConnectionManagerRequest", "result":"SYNC_SERVER_OK", "context":{"environment":"Prod_germanywestcentral_prod-s01-010-eur-germanywestcentral", "migrationStage":"NotStarted", "server":"akswtt10700000m"}}
{"logTime": "1127/221037", "correlationVector":"+Jy8n6htFiLXzMwSVCdZRV.2","action":"Commit Response", "result":"Success", "context":Result: Success. cV=+Jy8n6htFiLXzMwSVCdZRV.0;server=akswtt10700000m;cloudType=Consumer;environment=Prod_germanywestcentral_prod-s01-010-eur-germanywestcentral;migrationStage=NotStarted}
{"logTime": "1127/221037", "correlationVector":"XZKFOBOTaWto//LLI1lLCB","action":"Commit Request", "result":"", "context":Item count: 27
Contributing types: Preferences, Passwords, Sessions, History}
{"logTime": "1127/221038", "correlationVector":"XZKFOBOTaWto//LLI1lLCB.1","action":"SyncServerConnectionManagerRequest", "result":"SYNC_SERVER_OK", "context":{"environment":"Prod_germanywestcentral_prod-s01-010-eur-germanywestcentral", "migrationStage":"NotStarted", "server":"akswtt10700000s"}}
{"logTime": "1127/221038", "correlationVector":"XZKFOBOTaWto//LLI1lLCB.2","action":"Commit Response", "result":"Success", "context":Result: Success. cV=XZKFOBOTaWto//LLI1lLCB.0;server=akswtt10700000s;cloudType=Consumer;environment=Prod_germanywestcentral_prod-s01-010-eur-germanywestcentral;migrationStage=NotStarted}
{"logTime": "1127/221047", "correlationVector":"SaMz5Acl037Tzk+VGWYyJh","action":"Commit Request", "result":"", "context":Item count: 3
Contributing types: Preferences, Sessions, History}
{"logTime": "1127/221047", "correlationVector":"SaMz5Acl037Tzk+VGWYyJh.1","action":"SyncServerConnectionManagerRequest", "result":"SYNC_SERVER_OK", "context":{"environment":"Prod_germanywestcentral_prod-s01-010-eur-germanywestcentral", "migrationStage":"NotStarted", "server":"akswtt107000010"}}
{"logTime": "1127/221047", "correlationVector":"SaMz5Acl037Tzk+VGWYyJh.2","action":"Commit Response", "result":"Success", "context":Result: Success. cV=SaMz5Acl037Tzk+VGWYyJh.0;server=akswtt107000010;cloudType=Consumer;environment=Prod_germanywestcentral_prod-s01-010-eur-germanywestcentral;migrationStage=NotStarted}
{"logTime": "1127/221119", "correlationVector":"iPWA2f0L4/E5XMfj2UrFuz","action":"Commit Request", "result":"", "context":Item count: 40
Contributing types: Passwords}
{"logTime": "1127/221120", "correlationVector":"iPWA2f0L4/E5XMfj2UrFuz.1","action":"SyncServerConnectionManagerRequest", "result":"SYNC_SERVER_OK", "context":{"environment":"Prod_germanywestcentral_prod-s01-010-eur-germanywestcentral", "migrationStage":"NotStarted", "server":"akswtt10700000p"}}
{"logTime": "1127/221120", "correlationVector":"iPWA2f0L4/E5XMfj2UrFuz.2","action":"Commit Response", "result":"Success", "context":Result: Success. cV=iPWA2f0L4/E5XMfj2UrFuz.0;server=akswtt10700000p;cloudType=Consumer;environment=Prod_germanywestcentral_prod-s01-010-eur-germanywestcentral;migrationStage=NotStarted}
{"logTime": "1127/221120", "correlationVector":"NGHuksJkhxq/qQIzSNrKTI","action":"Commit Request", "result":"", "context":Item count: 40
Contributing types: Passwords}
{"logTime": "1127/221121", "correlationVector":"NGHuksJkhxq/qQIzSNrKTI.1","action":"SyncServerConnectionManagerRequest", "result":"SYNC_SERVER_OK", "context":{"environment":"Prod_germanywestcentral_prod-s01-010-eur-germanywestcentral", "migrationStage":"NotStarted", "server":"akswtt10700000i"}}
{"logTime": "1127/221121", "correlationVector":"NGHuksJkhxq/qQIzSNrKTI.2","action":"Commit Response", "result":"Success", "context":Result: Success. cV=NGHuksJkhxq/qQIzSNrKTI.0;server=akswtt10700000i;cloudType=Consumer;environment=Prod_germanywestcentral_prod-s01-010-eur-germanywestcentral;migrationStage=NotStarted}
{"logTime": "1127/221122", "correlationVector":"lgZ/0CFhG3K40TcsoDretn","action":"Commit Request", "result":"", "context":Item count: 33
Contributing types: Passwords, History}
{"logTime": "1127/221122", "correlationVector":"lgZ/0CFhG3K40TcsoDretn.1","action":"SyncServerConnectionManagerRequest", "result":"SYNC_SERVER_OK", "context":{"environment":"Prod_germanywestcentral_prod-s01-010-eur-germanywestcentral", "migrationStage":"NotStarted", "server":"akswtt10700003t"}}
{"logTime": "1127/221122", "correlationVector":"lgZ/0CFhG3K40TcsoDretn.2","action":"Commit Response", "result":"Success", "context":Result: Success. cV=lgZ/0CFhG3K40TcsoDretn.0;server=akswtt10700003t;cloudType=Consumer;environment=Prod_germanywestcentral_prod-s01-010-eur-germanywestcentral;migrationStage=NotStarted}
{"logTime": "1127/221547", "correlationVector":"t+ynyG7262Czupakqqep95.1","action":"SyncServerConnectionManagerRequest", "result":"SYNC_SERVER_OK", "context":{"environment":"Prod_germanywestcentral_prod-s01-011-eur-germanywestcentral", "migrationStage":"NotStarted", "server":"akswtt10700000q"}}
{"logTime": "1127/221547", "correlationVector":"t+ynyG7262Czupakqqep95.2","action":"ProcessGetUpdates", "result":"Done", "context":{"dataType":"Encryption Keys", "deleted":"0", "process_failed_to_decrypt":"0", "process_pending_decryption":"0", "process_success":"1", "total":"1"}}
{"logTime": "1127/221548", "correlationVector":"85gcSK0oeSUCcTsgRU2TD0","action":"SyncServerConnectionManagerRequest", "result":"SYNC_SERVER_OK", "context":{"environment":"", "migrationStage":"", "server":""}}
{"logTime": "1127/221548", "correlationVector":"85gcSK0oeSUCcTsgRU2TD0.0","action":"EncryptionKeysFetcher.DownloadKeys:", "result":"Success", "context":Key count: 7, Last key timestamp: 2025-09-11T09:42:01Z}
{"logTime": "1127/221548", "correlationVector":"85gcSK0oeSUCcTsgRU2TD0.1","action":"EncryptionKeysManager::SetEncryptionKeys:", "result":"Success", "context":Key names[7]:[rJNfZul6SMn2wq7xcsKNBje2vrlkp7ZuuaLDZyLBk2Z5xdeyCvLDv6IecRUL8K/5gdvAXjx2HlOb/Dh5z8/OaQ==][pSK7KRlfWRNyfIFyWf/2pgpLA9Gl7KU6aKaI2lv1Gy+rYnSSrqmXnw70/wbZ1be6Zbgyl5HSFDhZzICpUdo6cQ==][LU0CmXA4AX8h2JWRLQZ7P1nKh+grPydfMFCv+MFabs5oCAFssLX31HXUHO0gTsEEyHK+kEGNNnGyU4U+N6xWwQ==][5msjY+4LArw9KJ3hqxw9+wxHAwBH7UcggEQLYxkGQqe4be9vJ/yk42kwHm5hI5GjKJ1/gp/E7Aus31JPVZnM3A==][OYjQtMJFagFOhDRljSr9THgpqqDG6F4eZ5bWqEL1Xk5i/b4OPnTUSBPDvRwghc0AT/JFgxut5+izpqS3hRhvxQ==][qtPu9aiWQk49obQIa/pWC/8xLX7Mj0UAKb0YxJPQq7uOVtK7sKgoiwijGl08Sn0TmKQdtG0IQVEdLI651GEZqQ==][TD1EfSFAC7HWxssdly4mwpNw7KgK/XCtysaqd6Chm6P/klZQxyeeE70+lZIduQLCmr6XiROLT6i4dfpVO4ncNg==]}
{"logTime": "1127/221548", "correlationVector":"85gcSK0oeSUCcTsgRU2TD0.2","action":"EncryptionKeysManager::SetEncryptionKeysWithTimestamps:", "result":"Success", "context":Key timestamps[7]:[2023-03-08T17:56:42Z][2023-09-15T14:38:04Z][2023-09-16T23:36:30Z][2024-03-15T08:58:31Z][2024-09-11T15:05:48Z][2025-03-11T09:48:54Z][2025-09-11T09:42:01Z]}
{"logTime": "1127/221549", "correlationVector":"t+ynyG7262Czupakqqep95","action":"Initial GetUpdates", "result":"", "context":Reason: NEW_CLIENT. cV=t+ynyG7262Czupakqqep95}
{"logTime": "1127/221549", "correlationVector":"t+ynyG7262Czupakqqep95.3","action":"GetUpdates Response", "result":"Success", "context":Received 1 update(s). cV=t+ynyG7262Czupakqqep95.0;server=akswtt10700000q;cloudType=Consumer;environment=Prod_germanywestcentral_prod-s01-011-eur-germanywestcentral;migrationStage=NotStarted}
{"logTime": "1127/221549", "correlationVector":"10bJxQ7TYkK9R2fkYz4uVS","action":"Initial GetUpdates", "result":"", "context":Reason: NEWLY_SUPPORTED_DATATYPE. cV=10bJxQ7TYkK9R2fkYz4uVS}
{"logTime": "1127/221549", "correlationVector":"10bJxQ7TYkK9R2fkYz4uVS.1","action":"SyncServerConnectionManagerRequest", "result":"SYNC_SERVER_OK", "context":{"environment":"Prod_germanywestcentral_prod-s01-011-eur-germanywestcentral", "migrationStage":"NotStarted", "server":"akswtt107000002"}}
{"logTime": "1127/221549", "correlationVector":"10bJxQ7TYkK9R2fkYz4uVS.2","action":"ProcessGetUpdates", "result":"Done", "context":{"dataType":"Passwords", "deleted":"0", "process_failed_to_decrypt":"0", "process_pending_decryption":"0", "process_success":"122", "total":"122"}}
{"logTime": "1127/221549", "correlationVector":"10bJxQ7TYkK9R2fkYz4uVS.3","action":"GetUpdates Response", "result":"Success", "context":Received 122 update(s). cV=10bJxQ7TYkK9R2fkYz4uVS.0;server=akswtt107000002;cloudType=Consumer;environment=Prod_germanywestcentral_prod-s01-011-eur-germanywestcentral;migrationStage=NotStarted}
{"logTime": "1127/221549", "correlationVector":"ciBVcxLzdVNNvHwr48Attm","action":"Normal GetUpdate request", "result":"", "context":cV=ciBVcxLzdVNNvHwr48Attm
Nudged types: Sessions, History
Refresh requested types: Bookmarks, Preferences, Passwords, Autofill Profiles, Autofill, Extensions, Sessions, Extension settings, History Delete Directives, Device Info, User Consents, Send Tab To Self, Web Apps, History, Saved Tab Group, WebAuthn Credentials, Collection, Edge E Drop, Edge Hub App Usage, Edge Wallet, Encryption Keys}
{"logTime": "1127/221549", "correlationVector":"ciBVcxLzdVNNvHwr48Attm.1","action":"SyncServerConnectionManagerRequest", "result":"SYNC_SERVER_OK", "context":{"environment":"Prod_germanywestcentral_prod-s01-011-eur-germanywestcentral", "migrationStage":"NotStarted", "server":"akswtt107000002"}}
{"logTime": "1127/221549", "correlationVector":"ciBVcxLzdVNNvHwr48Attm.2","action":"ProcessGetUpdates", "result":"Done", "context":{"dataType":"Preferences", "deleted":"0", "process_failed_to_decrypt":"0", "process_pending_decryption":"0", "process_success":"2", "total":"2"}}
{"logTime": "1127/221549", "correlationVector":"ciBVcxLzdVNNvHwr48Attm.3","action":"ProcessGetUpdates", "result":"Done", "context":{"dataType":"Sessions", "deleted":"0", "process_failed_to_decrypt":"0", "process_pending_decryption":"0", "process_success":"2", "total":"2"}}
{"logTime": "1127/221549", "correlationVector":"ciBVcxLzdVNNvHwr48Attm.4","action":"ProcessGetUpdates", "result":"Done", "context":{"dataType":"Device Info", "deleted":"0", "process_failed_to_decrypt":"0", "process_pending_decryption":"0", "process_success":"1", "total":"1"}}
{"logTime": "1127/221549", "correlationVector":"ciBVcxLzdVNNvHwr48Attm.5","action":"ProcessGetUpdates", "result":"Done", "context":{"dataType":"History", "deleted":"0", "process_failed_to_decrypt":"0", "process_pending_decryption":"0", "process_success":"1", "total":"1"}}
{"logTime": "1127/221549", "correlationVector":"ciBVcxLzdVNNvHwr48Attm.6","action":"GetUpdates Response", "result":"Success", "context":Received 6 update(s). cV=ciBVcxLzdVNNvHwr48Attm.0;server=akswtt107000002;cloudType=Consumer;environment=Prod_germanywestcentral_prod-s01-011-eur-germanywestcentral;migrationStage=NotStarted}
{"logTime": "1127/221553", "correlationVector":"Twrzr/rYrrYU5i9jZMP0lX","action":"Commit Request", "result":"", "context":Item count: 5
Contributing types: Sessions, History}
{"logTime": "1127/221554", "correlationVector":"Twrzr/rYrrYU5i9jZMP0lX.1","action":"SyncServerConnectionManagerRequest", "result":"SYNC_SERVER_OK", "context":{"environment":"Prod_germanywestcentral_prod-s01-011-eur-germanywestcentral", "migrationStage":"NotStarted", "server":"akswtt10700000l"}}
{"logTime": "1127/221554", "correlationVector":"Twrzr/rYrrYU5i9jZMP0lX.2","action":"Commit Response", "result":"Success", "context":Result: Success. cV=Twrzr/rYrrYU5i9jZMP0lX.0;server=akswtt10700000l;cloudType=Consumer;environment=Prod_germanywestcentral_prod-s01-011-eur-germanywestcentral;migrationStage=NotStarted}
{"logTime": "1127/221606", "correlationVector":"Dixp2617+SipTBk63SqUGH","action":"Commit Request", "result":"", "context":Item count: 40
Contributing types: Passwords}
{"logTime": "1127/221607", "correlationVector":"Dixp2617+SipTBk63SqUGH.1","action":"SyncServerConnectionManagerRequest", "result":"SYNC_SERVER_OK", "context":{"environment":"Prod_germanywestcentral_prod-s01-010-eur-germanywestcentral", "migrationStage":"NotStarted", "server":"akswtt10700000g"}}
{"logTime": "1127/221607", "correlationVector":"Dixp2617+SipTBk63SqUGH.2","action":"Commit Response", "result":"Success", "context":Result: Success. cV=Dixp2617+SipTBk63SqUGH.0;server=akswtt10700000g;cloudType=Consumer;environment=Prod_germanywestcentral_prod-s01-010-eur-germanywestcentral;migrationStage=NotStarted}
{"logTime": "1127/221607", "correlationVector":"74aIvQ7/FN6sHTYGVKE8Rc","action":"Commit Request", "result":"", "context":Item count: 40
Contributing types: Passwords}
{"logTime": "1127/221608", "correlationVector":"74aIvQ7/FN6sHTYGVKE8Rc.1","action":"SyncServerConnectionManagerRequest", "result":"SYNC_SERVER_OK", "context":{"environment":"Prod_germanywestcentral_prod-s01-010-eur-germanywestcentral", "migrationStage":"NotStarted", "server":"akswtt10700000e"}}
{"logTime": "1127/221608", "correlationVector":"74aIvQ7/FN6sHTYGVKE8Rc.2","action":"Commit Response", "result":"Success", "context":Result: Success. cV=74aIvQ7/FN6sHTYGVKE8Rc.0;server=akswtt10700000e;cloudType=Consumer;environment=Prod_germanywestcentral_prod-s01-010-eur-germanywestcentral;migrationStage=NotStarted}
{"logTime": "1127/221608", "correlationVector":"/Gy8MGenUv1h5tOYVGYrNw","action":"Commit Request", "result":"", "context":Item count: 28
Contributing types: Preferences, Passwords, Sessions, History}
{"logTime": "1127/221609", "correlationVector":"/Gy8MGenUv1h5tOYVGYrNw.1","action":"SyncServerConnectionManagerRequest", "result":"SYNC_SERVER_OK", "context":{"environment":"Prod_germanywestcentral_prod-s01-010-eur-germanywestcentral", "migrationStage":"NotStarted", "server":"akswtt10700000g"}}
{"logTime": "1127/221609", "correlationVector":"/Gy8MGenUv1h5tOYVGYrNw.2","action":"Commit Response", "result":"Success", "context":Result: Success. cV=/Gy8MGenUv1h5tOYVGYrNw.0;server=akswtt10700000g;cloudType=Consumer;environment=Prod_germanywestcentral_prod-s01-010-eur-germanywestcentral;migrationStage=NotStarted}
{"logTime": "1127/221609", "correlationVector":"/Gy8MGenUv1h5tOYVGYrNw.3","action":"Commit.Sessions", "result":"Success", "context":{"id":"5003b504-39c7-49e0-8111-b06b8f839dfb", "isDeleted":"true", "size":"0", "version":"1764281753168"}}
{"logTime": "1127/221639", "correlationVector":"79Y15T4Eq3Ho1s7q+K/Na6","action":"Commit Request", "result":"", "context":Item count: 1
Contributing types: History}
{"logTime": "1127/221639", "correlationVector":"79Y15T4Eq3Ho1s7q+K/Na6.1","action":"SyncServerConnectionManagerRequest", "result":"SYNC_SERVER_OK", "context":{"environment":"Prod_germanywestcentral_prod-s01-010-eur-germanywestcentral", "migrationStage":"NotStarted", "server":"akswtt107000009"}}
{"logTime": "1127/221639", "correlationVector":"79Y15T4Eq3Ho1s7q+K/Na6.2","action":"Commit Response", "result":"Success", "context":Result: Success. cV=79Y15T4Eq3Ho1s7q+K/Na6.0;server=akswtt107000009;cloudType=Consumer;environment=Prod_germanywestcentral_prod-s01-010-eur-germanywestcentral;migrationStage=NotStarted}
