2025-11-27 22:10:15.274: [INFO][Sync] Reset engine, reason: 8
2025-11-27 22:10:15.274: [INFO][Sync] Stopped: Bookmarks
2025-11-27 22:10:15.274: [INFO][Sync] Stopped: Preferences
2025-11-27 22:10:15.276: [INFO][Sync] Stopped: Passwords
2025-11-27 22:10:15.276: [INFO][Sync] Stopped: Autofill Profiles
2025-11-27 22:10:15.276: [INFO][Sync] Stopped: Autofill
2025-11-27 22:10:15.276: [INFO][Sync] Stopped: Extensions
2025-11-27 22:10:15.276: [INFO][Sync] Stopped: Sessions
2025-11-27 22:10:15.276: [INFO][Sync] Stopped: Extension settings
2025-11-27 22:10:15.276: [INFO][Sync] Stopped: History Delete Directives
2025-11-27 22:10:15.276: [INFO][Sync] Stopped: Device Info
2025-11-27 22:10:15.276: [INFO][Sync] Stopped: User Consents
2025-11-27 22:10:15.276: [INFO][Sync] Stopped: Send Tab To Self
2025-11-27 22:10:15.276: [INFO][Sync] Stopped: Web Apps
2025-11-27 22:10:15.276: [INFO][Sync] Stopped: History
2025-11-27 22:10:15.276: [INFO][Sync] Stopped: Saved Tab Group
2025-11-27 22:10:15.276: [INFO][Sync] Stopped: WebAuthn Credentials
2025-11-27 22:10:15.276: [INFO][Sync] Stopped: Collection
2025-11-27 22:10:15.276: [INFO][Sync] Stopped: Edge E Drop
2025-11-27 22:10:15.276: [INFO][Sync] Stopped: Edge Hub App Usage
2025-11-27 22:10:15.276: [INFO][Sync] Stopped: Edge Wallet
2025-11-27 22:10:15.276: [INFO][Sync] SyncState after authenticated was: NotSignedIn
2025-11-27 22:10:17.966: [INFO][Sync] Reset engine, reason: 8
2025-11-27 22:10:17.966: [INFO][Sync] Stopped: Bookmarks
2025-11-27 22:10:17.966: [INFO][Sync] Stopped: Preferences
2025-11-27 22:10:17.966: [INFO][Sync] Stopped: Passwords
2025-11-27 22:10:17.966: [INFO][Sync] Stopped: Autofill Profiles
2025-11-27 22:10:17.966: [INFO][Sync] Stopped: Autofill
2025-11-27 22:10:17.966: [INFO][Sync] Stopped: Extensions
2025-11-27 22:10:17.966: [INFO][Sync] Stopped: Sessions
2025-11-27 22:10:17.966: [INFO][Sync] Stopped: Extension settings
2025-11-27 22:10:17.966: [INFO][Sync] Stopped: History Delete Directives
2025-11-27 22:10:17.966: [INFO][Sync] Stopped: Device Info
2025-11-27 22:10:17.966: [INFO][Sync] Stopped: User Consents
2025-11-27 22:10:17.966: [INFO][Sync] Stopped: Send Tab To Self
2025-11-27 22:10:17.966: [INFO][Sync] Stopped: Web Apps
2025-11-27 22:10:17.966: [INFO][Sync] Stopped: History
2025-11-27 22:10:17.966: [INFO][Sync] Stopped: Saved Tab Group
2025-11-27 22:10:17.966: [INFO][Sync] Stopped: WebAuthn Credentials
2025-11-27 22:10:17.966: [INFO][Sync] Stopped: Collection
2025-11-27 22:10:17.966: [INFO][Sync] Stopped: Edge E Drop
2025-11-27 22:10:17.966: [INFO][Sync] Stopped: Edge Hub App Usage
2025-11-27 22:10:17.966: [INFO][Sync] Stopped: Edge Wallet
2025-11-27 22:10:18.582: [INFO][Sync] Try to start sync engine
2025-11-27 22:10:18.731: [INFO][SyncManagerImpl::NudgeForInitialDownload] Initial download nudge for Encryption Keys
2025-11-27 22:10:18.731: [INFO][SyncEngineBackend::LoadAndConnectNigoriController] Load and connect Nigori controller
2025-11-27 22:10:18.731: [INFO][SyncEngineBackend::DoInitialize] Control Types added: Encryption Keys
2025-11-27 22:10:18.731: [INFO][SyncManagerImpl::ConfigureSyncer] Types to download: Encryption Keys with reason: 3
2025-11-27 22:10:18.732: [INFO][SyncSchedulerImpl::DoConfigurationSyncCycleJob] Configure job was blocked
2025-11-27 22:10:18.929: [INFO][SyncAuthManager::SetLastAuthError] Current auth error: None
2025-11-27 22:10:18.929: [INFO][SyncAuthManager::EdgeLogTokenErrorState] Token error with: None for account type: MSA
2025-11-27 22:10:18.929: [INFO][Sync] Credentials changed for: EdgeSyncScopeNew
2025-11-27 22:10:21.376: [INFO][SyncAuthManager::SetLastAuthError] Current auth error: None
2025-11-27 22:10:21.376: [INFO][SyncAuthManager::EdgeLogTokenErrorState] Token error with: None for account type: MSA
2025-11-27 22:10:21.376: [INFO][Sync] Credentials changed for: EdgeSyncKeyDataScope
2025-11-27 22:10:21.376: [INFO][SyncEngineBackend::DoUpdateKeyDataCredentials] Update key data credentials
2025-11-27 22:10:21.377: [INFO][SyncEngineBackend::DoUpdateCredentials] Update credentials
2025-11-27 22:10:21.377: [INFO][SyncSchedulerImpl::DoConfigurationSyncCycleJob] Blocked types:  and types to download: Encryption Keys
2025-11-27 22:10:21.746: [INFO][Sync] Started DataTypeManager configuration, reason: 4
2025-11-27 22:10:21.746: [INFO][Sync] Configuring for: Bookmarks, Preferences, Passwords, Autofill Profiles, Autofill, Extensions, Sessions, Extension settings, History Delete Directives, Device Info, User Consents, Send Tab To Self, Web Apps, History, Saved Tab Group, WebAuthn Credentials, Collection, Edge E Drop, Edge Hub App Usage, Edge Wallet, Encryption Keys, reason: 3, current state: 0
2025-11-27 22:10:21.746: [WARN][Sync] Crypto error data types: Passwords, Autofill Profiles, Autofill
2025-11-27 22:10:21.747: [INFO][Sync] Configure, desired: Bookmarks, Preferences, Extensions, Sessions, Extension settings, History Delete Directives, Device Info, User Consents, Send Tab To Self, Web Apps, History, Saved Tab Group, WebAuthn Credentials, Collection, Edge E Drop, Edge Hub App Usage, Edge Wallet, Encryption Keys; Allow fail: Passwords, Autofill Profiles, Autofill
2025-11-27 22:10:21.747: [INFO][Sync] Loading: Bookmarks
2025-11-27 22:10:21.747: [INFO][Sync] Loading: Preferences
2025-11-27 22:10:21.747: [INFO][Sync] Loading: Extensions
2025-11-27 22:10:21.747: [INFO][Sync] Loading: Sessions
2025-11-27 22:10:21.747: [INFO][Sync] Loading: Extension settings
2025-11-27 22:10:21.747: [INFO][Sync] Loading: History Delete Directives
2025-11-27 22:10:21.747: [INFO][Sync] Loading: Device Info
2025-11-27 22:10:21.748: [INFO][Sync] Loading: User Consents
2025-11-27 22:10:21.748: [INFO][Sync] Loading: Send Tab To Self
2025-11-27 22:10:21.748: [INFO][Sync] Loading: Web Apps
2025-11-27 22:10:21.748: [INFO][Sync] Loading: History
2025-11-27 22:10:21.748: [INFO][Sync] Loading: Saved Tab Group
2025-11-27 22:10:21.748: [INFO][Sync] Loading: WebAuthn Credentials
2025-11-27 22:10:21.748: [INFO][Sync] Loading: Collection
2025-11-27 22:10:21.748: [INFO][Sync] Loading: Edge E Drop
2025-11-27 22:10:21.748: [INFO][Sync] Loading: Edge Hub App Usage
2025-11-27 22:10:21.748: [INFO][Sync] Loading: Edge Wallet
2025-11-27 22:10:21.750: [INFO][Sync] All data types are ready for configure.
2025-11-27 22:10:22.244: [INFO][Sync] Started DataTypeManager configuration, reason: 5
2025-11-27 22:10:22.244: [INFO][Sync] Configuring for: Bookmarks, Preferences, Passwords, Autofill Profiles, Autofill, Extensions, Sessions, Extension settings, History Delete Directives, Device Info, User Consents, Send Tab To Self, Web Apps, History, Saved Tab Group, WebAuthn Credentials, Collection, Edge E Drop, Edge Hub App Usage, Edge Wallet, Encryption Keys, reason: 5, current state: 1
2025-11-27 22:10:22.250: [INFO][SyncEngineBackend::DoStartConfiguration] Start configuration
2025-11-27 22:10:22.250: [INFO][SyncManagerImpl::NudgeForInitialDownload] Initial download nudge for Bookmarks
2025-11-27 22:10:22.250: [INFO][SyncManagerImpl::NudgeForInitialDownload] Initial download nudge for Preferences
2025-11-27 22:10:22.250: [INFO][SyncManagerImpl::NudgeForInitialDownload] Initial download nudge for Extensions
2025-11-27 22:10:22.250: [INFO][SyncManagerImpl::NudgeForInitialDownload] Initial download nudge for Sessions
2025-11-27 22:10:22.250: [INFO][SyncManagerImpl::NudgeForInitialDownload] Initial download nudge for Extension settings
2025-11-27 22:10:22.250: [INFO][SyncManagerImpl::NudgeForInitialDownload] Initial download nudge for History Delete Directives
2025-11-27 22:10:22.250: [INFO][SyncManagerImpl::NudgeForInitialDownload] Initial download nudge for Device Info
2025-11-27 22:10:22.250: [INFO][SyncManagerImpl::NudgeForInitialDownload] Initial download nudge for Send Tab To Self
2025-11-27 22:10:22.250: [INFO][SyncManagerImpl::NudgeForInitialDownload] Initial download nudge for Web Apps
2025-11-27 22:10:22.250: [INFO][SyncManagerImpl::NudgeForInitialDownload] Initial download nudge for History
2025-11-27 22:10:22.250: [INFO][SyncManagerImpl::NudgeForInitialDownload] Initial download nudge for Saved Tab Group
2025-11-27 22:10:22.251: [INFO][SyncManagerImpl::NudgeForInitialDownload] Initial download nudge for WebAuthn Credentials
2025-11-27 22:10:22.251: [INFO][SyncManagerImpl::NudgeForInitialDownload] Initial download nudge for Collection
2025-11-27 22:10:22.251: [INFO][SyncManagerImpl::NudgeForInitialDownload] Initial download nudge for Edge E Drop
2025-11-27 22:10:22.251: [INFO][SyncManagerImpl::NudgeForInitialDownload] Initial download nudge for Edge Hub App Usage
2025-11-27 22:10:22.251: [INFO][SyncManagerImpl::NudgeForInitialDownload] Initial download nudge for Edge Wallet
2025-11-27 22:10:22.251: [INFO][SyncManagerImpl::ConfigureSyncer] Types to download:  with reason: 3
2025-11-27 22:10:22.251: [INFO][SyncEngineBackend::DoFinishConfigureDataTypes] Failed to download types:  and succeeded types: 
2025-11-27 22:10:22.256: [INFO][Sync] ConfigurationDone, failed: , succeeded: , remaining count: 4
2025-11-27 22:10:22.256: [WARN][Sync]     Reconfigure requested while configuration ongoing.
2025-11-27 22:10:22.256: [INFO][Sync] Configuring for: Bookmarks, Preferences, Passwords, Autofill Profiles, Autofill, Extensions, Sessions, Extension settings, History Delete Directives, Device Info, User Consents, Send Tab To Self, Web Apps, History, Saved Tab Group, WebAuthn Credentials, Collection, Edge E Drop, Edge Hub App Usage, Edge Wallet, Encryption Keys, reason: 5, current state: 2
2025-11-27 22:10:22.256: [INFO][Sync] Configure, desired: Bookmarks, Preferences, Passwords, Autofill Profiles, Autofill, Extensions, Sessions, Extension settings, History Delete Directives, Device Info, User Consents, Send Tab To Self, Web Apps, History, Saved Tab Group, WebAuthn Credentials, Collection, Edge E Drop, Edge Hub App Usage, Edge Wallet, Encryption Keys; Allow fail: 
2025-11-27 22:10:22.256: [INFO][Sync] Loading: Passwords
2025-11-27 22:10:22.256: [INFO][Sync] Loading: Autofill Profiles
2025-11-27 22:10:22.256: [INFO][Sync] Loading: Autofill
2025-11-27 22:10:22.256: [INFO][Sync] All data types are ready for configure.
2025-11-27 22:10:22.256: [INFO][SyncManagerImpl::NudgeForInitialDownload] Initial download nudge for Passwords
2025-11-27 22:10:22.256: [INFO][SyncManagerImpl::NudgeForInitialDownload] Initial download nudge for Autofill Profiles
2025-11-27 22:10:22.256: [INFO][SyncManagerImpl::NudgeForInitialDownload] Initial download nudge for Autofill
2025-11-27 22:10:22.256: [INFO][SyncManagerImpl::ConfigureSyncer] Types to download:  with reason: 5
2025-11-27 22:10:22.256: [INFO][SyncEngineBackend::DoFinishConfigureDataTypes] Failed to download types:  and succeeded types: 
2025-11-27 22:10:22.257: [INFO][Sync] ConfigurationDone, failed: , succeeded: , remaining count: 4
2025-11-27 22:10:22.257: [INFO][Sync] Prepare to configure types: Preferences, Passwords, Device Info, Send Tab To Self, Edge E Drop, Encryption Keys
2025-11-27 22:10:22.257: [INFO][SyncManagerImpl::ConfigureSyncer] Types to download: Preferences, Passwords, Device Info, Send Tab To Self, Edge E Drop, Encryption Keys with reason: 5
2025-11-27 22:10:22.257: [INFO][SyncSchedulerImpl::DoConfigurationSyncCycleJob] Blocked types:  and types to download: Preferences, Passwords, Device Info, Send Tab To Self, Edge E Drop, Encryption Keys
2025-11-27 22:10:22.702: [INFO][SyncEngineBackend::DoFinishConfigureDataTypes] Failed to download types:  and succeeded types: Preferences, Passwords, Device Info, Send Tab To Self, Edge E Drop, Encryption Keys
2025-11-27 22:10:22.719: [INFO][Sync] ConfigurationDone, failed: , succeeded: Preferences, Passwords, Device Info, Send Tab To Self, Edge E Drop, Encryption Keys, remaining count: 3
2025-11-27 22:10:22.719: [INFO][Sync] Prepare to configure types: Bookmarks, Encryption Keys
2025-11-27 22:10:22.719: [INFO][SyncManagerImpl::ConfigureSyncer] Types to download: Bookmarks, Encryption Keys with reason: 5
2025-11-27 22:10:22.719: [INFO][SyncSchedulerImpl::DoConfigurationSyncCycleJob] Blocked types:  and types to download: Bookmarks, Encryption Keys
2025-11-27 22:10:22.900: [INFO][SyncEngineBackend::DoFinishConfigureDataTypes] Failed to download types:  and succeeded types: Bookmarks, Encryption Keys
2025-11-27 22:10:22.918: [INFO][Sync] ConfigurationDone, failed: , succeeded: Bookmarks, Encryption Keys, remaining count: 2
2025-11-27 22:10:22.918: [INFO][Sync] Prepare to configure types: Autofill Profiles, Autofill, Extensions, Sessions, Extension settings, History Delete Directives, Web Apps, Saved Tab Group, WebAuthn Credentials, Collection, Edge Hub App Usage, Edge Wallet, Encryption Keys
2025-11-27 22:10:22.918: [INFO][SyncManagerImpl::ConfigureSyncer] Types to download: Autofill Profiles, Autofill, Extensions, Sessions, Extension settings, History Delete Directives, Web Apps, Saved Tab Group, WebAuthn Credentials, Collection, Edge Hub App Usage, Edge Wallet, Encryption Keys with reason: 5
2025-11-27 22:10:22.918: [INFO][SyncSchedulerImpl::DoConfigurationSyncCycleJob] Blocked types:  and types to download: Autofill Profiles, Autofill, Extensions, Sessions, Extension settings, History Delete Directives, Web Apps, Saved Tab Group, WebAuthn Credentials, Collection, Edge Hub App Usage, Edge Wallet, Encryption Keys
2025-11-27 22:10:25.009: [INFO][SyncEngineBackend::DoFinishConfigureDataTypes] Failed to download types:  and succeeded types: Autofill Profiles, Autofill, Extensions, Sessions, Extension settings, History Delete Directives, Web Apps, Saved Tab Group, WebAuthn Credentials, Collection, Edge Hub App Usage, Edge Wallet, Encryption Keys
2025-11-27 22:10:25.010: [INFO][Sync] ConfigurationDone, failed: , succeeded: Autofill Profiles, Autofill, Extensions, Sessions, Extension settings, History Delete Directives, Web Apps, Saved Tab Group, WebAuthn Credentials, Collection, Edge Hub App Usage, Edge Wallet, Encryption Keys, remaining count: 1
2025-11-27 22:10:25.013: [INFO][Sync] Prepare to configure types: History, Encryption Keys
2025-11-27 22:10:25.013: [INFO][SyncManagerImpl::ConfigureSyncer] Types to download: History, Encryption Keys with reason: 5
2025-11-27 22:10:25.013: [INFO][SyncSchedulerImpl::DoConfigurationSyncCycleJob] Blocked types:  and types to download: History, Encryption Keys
2025-11-27 22:10:31.004: [INFO][SyncEngineBackend::DoFinishConfigureDataTypes] Failed to download types:  and succeeded types: History, Encryption Keys
2025-11-27 22:10:31.018: [INFO][Sync] ConfigurationDone, failed: , succeeded: History, Encryption Keys, remaining count: 0
2025-11-27 22:10:31.020: [INFO][Sync]     Configuration completed, state: 7
2025-11-27 22:10:31.023: [INFO][Sync] Configured DataTypeManager: Ok
2025-11-27 22:10:31.029: [INFO][SyncEngineBackend::DoStartSyncing] Start syncing
2025-11-27 22:14:35.879: [INFO][Sync] Reset engine, reason: 0
2025-11-27 22:14:35.879: [INFO][Sync] Reset engine with reason: 0
2025-11-27 22:15:37.483: [INFO][Sync] SyncState after authenticated was: FeatureCanStart
2025-11-27 22:15:39.097: [INFO][SyncAuthManager::SetLastAuthError] Current auth error: None
2025-11-27 22:15:39.097: [INFO][SyncAuthManager::EdgeLogTokenErrorState] Token error with: None for account type: MSA
2025-11-27 22:15:39.097: [INFO][Sync] Credentials changed for: EdgeSyncKeyDataScope
2025-11-27 22:15:47.610: [INFO][Sync] Try to start sync engine
2025-11-27 22:15:47.620: [INFO][SyncManagerImpl::NudgeForInitialDownload] Initial download nudge for Encryption Keys
2025-11-27 22:15:47.620: [INFO][SyncEngineBackend::LoadAndConnectNigoriController] Load and connect Nigori controller
2025-11-27 22:15:47.620: [INFO][SyncEngineBackend::DoInitialize] Control Types added: Encryption Keys
2025-11-27 22:15:47.620: [INFO][SyncManagerImpl::ConfigureSyncer] Types to download: Encryption Keys with reason: 3
2025-11-27 22:15:47.620: [INFO][SyncEngineBackend::DoUpdateKeyDataCredentials] Update key data credentials
2025-11-27 22:15:47.621: [INFO][SyncSchedulerImpl::DoConfigurationSyncCycleJob] Configure job was blocked
2025-11-27 22:15:47.687: [INFO][SyncAuthManager::SetLastAuthError] Current auth error: None
2025-11-27 22:15:47.687: [INFO][SyncAuthManager::EdgeLogTokenErrorState] Token error with: None for account type: MSA
2025-11-27 22:15:47.687: [INFO][Sync] Credentials changed for: EdgeSyncScopeNew
2025-11-27 22:15:47.688: [INFO][SyncEngineBackend::DoUpdateCredentials] Update credentials
2025-11-27 22:15:47.688: [INFO][SyncEngineBackend::DoUpdateKeyDataCredentials] Update key data credentials
2025-11-27 22:15:47.688: [INFO][SyncSchedulerImpl::DoConfigurationSyncCycleJob] Blocked types:  and types to download: Encryption Keys
2025-11-27 22:15:48.051: [INFO][Sync] Started DataTypeManager configuration, reason: 4
2025-11-27 22:15:48.052: [INFO][Sync] Configuring for: Bookmarks, Preferences, Passwords, Autofill Profiles, Autofill, Extensions, Sessions, Extension settings, History Delete Directives, Device Info, User Consents, Send Tab To Self, Web Apps, History, Saved Tab Group, WebAuthn Credentials, Collection, Edge E Drop, Edge Hub App Usage, Edge Wallet, Encryption Keys, reason: 4, current state: 0
2025-11-27 22:15:48.052: [WARN][Sync] Crypto error data types: Passwords, Autofill Profiles, Autofill
2025-11-27 22:15:48.058: [INFO][Sync] Configure, desired: Bookmarks, Preferences, Extensions, Sessions, Extension settings, History Delete Directives, Device Info, User Consents, Send Tab To Self, Web Apps, History, Saved Tab Group, WebAuthn Credentials, Collection, Edge E Drop, Edge Hub App Usage, Edge Wallet, Encryption Keys; Allow fail: Passwords, Autofill Profiles, Autofill
2025-11-27 22:15:48.059: [INFO][Sync] Loading: Bookmarks
2025-11-27 22:15:48.059: [INFO][Sync] Loading: Preferences
2025-11-27 22:15:48.059: [INFO][Sync] Loading: Extensions
2025-11-27 22:15:48.059: [INFO][Sync] Loading: Sessions
2025-11-27 22:15:48.060: [INFO][Sync] Loading: Extension settings
2025-11-27 22:15:48.060: [INFO][Sync] Loading: History Delete Directives
2025-11-27 22:15:48.061: [INFO][Sync] Loading: Device Info
2025-11-27 22:15:48.061: [INFO][Sync] Loading: User Consents
2025-11-27 22:15:48.061: [INFO][Sync] Loading: Send Tab To Self
2025-11-27 22:15:48.061: [INFO][Sync] Loading: Web Apps
2025-11-27 22:15:48.061: [INFO][Sync] Loading: History
2025-11-27 22:15:48.061: [INFO][Sync] Loading: Saved Tab Group
2025-11-27 22:15:48.061: [INFO][Sync] Loading: WebAuthn Credentials
2025-11-27 22:15:48.061: [INFO][Sync] Loading: Collection
2025-11-27 22:15:48.061: [INFO][Sync] Loading: Edge E Drop
2025-11-27 22:15:48.061: [INFO][Sync] Loading: Edge Hub App Usage
2025-11-27 22:15:48.061: [INFO][Sync] Loading: Edge Wallet
2025-11-27 22:15:48.084: [INFO][Sync] All data types are ready for configure.
2025-11-27 22:15:48.670: [INFO][Sync] Started DataTypeManager configuration, reason: 5
2025-11-27 22:15:48.670: [INFO][Sync] Configuring for: Bookmarks, Preferences, Passwords, Autofill Profiles, Autofill, Extensions, Sessions, Extension settings, History Delete Directives, Device Info, User Consents, Send Tab To Self, Web Apps, History, Saved Tab Group, WebAuthn Credentials, Collection, Edge E Drop, Edge Hub App Usage, Edge Wallet, Encryption Keys, reason: 5, current state: 1
2025-11-27 22:15:49.370: [INFO][SyncEngineBackend::DoStartConfiguration] Start configuration
2025-11-27 22:15:49.370: [INFO][SyncManagerImpl::ConfigureSyncer] Types to download:  with reason: 4
2025-11-27 22:15:49.370: [INFO][SyncEngineBackend::DoFinishConfigureDataTypes] Failed to download types:  and succeeded types: 
2025-11-27 22:15:49.407: [INFO][Sync] ConfigurationDone, failed: , succeeded: , remaining count: 4
2025-11-27 22:15:49.407: [WARN][Sync]     Reconfigure requested while configuration ongoing.
2025-11-27 22:15:49.407: [INFO][Sync] Configuring for: Bookmarks, Preferences, Passwords, Autofill Profiles, Autofill, Extensions, Sessions, Extension settings, History Delete Directives, Device Info, User Consents, Send Tab To Self, Web Apps, History, Saved Tab Group, WebAuthn Credentials, Collection, Edge E Drop, Edge Hub App Usage, Edge Wallet, Encryption Keys, reason: 5, current state: 2
2025-11-27 22:15:49.407: [INFO][Sync] Configure, desired: Bookmarks, Preferences, Passwords, Autofill Profiles, Autofill, Extensions, Sessions, Extension settings, History Delete Directives, Device Info, User Consents, Send Tab To Self, Web Apps, History, Saved Tab Group, WebAuthn Credentials, Collection, Edge E Drop, Edge Hub App Usage, Edge Wallet, Encryption Keys; Allow fail: 
2025-11-27 22:15:49.407: [INFO][Sync] Loading: Passwords
2025-11-27 22:15:49.407: [INFO][Sync] Loading: Autofill Profiles
2025-11-27 22:15:49.407: [INFO][Sync] Loading: Autofill
2025-11-27 22:15:49.410: [INFO][Sync] All data types are ready for configure.
2025-11-27 22:15:49.411: [INFO][SyncManagerImpl::NudgeForInitialDownload] Initial download nudge for Passwords
2025-11-27 22:15:49.411: [INFO][SyncManagerImpl::ConfigureSyncer] Types to download:  with reason: 5
2025-11-27 22:15:49.411: [INFO][SyncEngineBackend::DoFinishConfigureDataTypes] Failed to download types:  and succeeded types: 
2025-11-27 22:15:49.412: [INFO][Sync] ConfigurationDone, failed: , succeeded: , remaining count: 4
2025-11-27 22:15:49.412: [INFO][Sync] Prepare to configure types: Passwords, Encryption Keys
2025-11-27 22:15:49.412: [INFO][SyncManagerImpl::ConfigureSyncer] Types to download: Passwords, Encryption Keys with reason: 5
2025-11-27 22:15:49.412: [INFO][SyncSchedulerImpl::DoConfigurationSyncCycleJob] Blocked types:  and types to download: Passwords, Encryption Keys
2025-11-27 22:15:49.671: [INFO][SyncEngineBackend::DoFinishConfigureDataTypes] Failed to download types:  and succeeded types: Passwords, Encryption Keys
2025-11-27 22:15:49.680: [INFO][Sync] ConfigurationDone, failed: , succeeded: Passwords, Encryption Keys, remaining count: 3
2025-11-27 22:15:49.680: [INFO][SyncManagerImpl::ConfigureSyncer] Types to download:  with reason: 5
2025-11-27 22:15:49.680: [INFO][SyncEngineBackend::DoFinishConfigureDataTypes] Failed to download types:  and succeeded types: 
2025-11-27 22:15:49.688: [INFO][Sync] ConfigurationDone, failed: , succeeded: , remaining count: 2
2025-11-27 22:15:49.688: [INFO][SyncManagerImpl::ConfigureSyncer] Types to download:  with reason: 5
2025-11-27 22:15:49.688: [INFO][SyncEngineBackend::DoFinishConfigureDataTypes] Failed to download types:  and succeeded types: 
2025-11-27 22:15:49.701: [INFO][Sync] ConfigurationDone, failed: , succeeded: , remaining count: 1
2025-11-27 22:15:49.704: [INFO][SyncManagerImpl::ConfigureSyncer] Types to download:  with reason: 5
2025-11-27 22:15:49.704: [INFO][SyncEngineBackend::DoFinishConfigureDataTypes] Failed to download types:  and succeeded types: 
2025-11-27 22:15:49.705: [INFO][Sync] ConfigurationDone, failed: , succeeded: , remaining count: 0
2025-11-27 22:15:49.709: [INFO][Sync]     Configuration completed, state: 7
2025-11-27 22:15:49.710: [INFO][Sync] Configured DataTypeManager: Ok
2025-11-27 22:15:49.721: [INFO][SyncEngineBackend::DoStartSyncing] Start syncing
2025-11-27 22:18:00.601: [INFO][Sync] Reset engine, reason: 0
2025-11-27 22:18:00.601: [INFO][Sync] Reset engine with reason: 0
